$GPRMC,235053.000,A,4349.9066,N,14355.7425,E,0.00,63.72,150616,,,D*5D
$GPVTG,63.72,T,,M,0.00,N,0.0,K,D*38
$GPGGA,235054.000,4349.9067,N,14355.7425,E,2,06,1.7,64.8,M,27.9,M,0.8,0000*4A
$GPGSA,A,3,14,26,25,29,12,22,,,,,,,2.8,1.7,2.2*30
$GPGSV,3,1,12,09,75,060,,27,71,324,,14,67,207,41,30,58,052,*7E
$GPGSV,3,2,12,25,52,050,48,29,50,113,39,17,45,091,,06,36,061,*7E
$GPGSV,3,3,12,26,25,242,45,08,24,292,,12,15,053,41,22,13,291,45*76
$GPRMC,235054.000,A,4349.9067,N,14355.7425,E,0.00,63.72,150616,,,D*5B
$GPVTG,63.72,T,,M,0.00,N,0.0,K,D*38
$GPGGA,235055.000,4349.9067,N,14355.7424,E,2,06,1.7,64.8,M,27.9,M,0.8,0000*4A
$GPRMC,235055.000,A,4349.9067,N,14355.7424,E,0.00,63.72,150616,,,D*5B
$GPVTG,63.72,T,,M,0.00,N,0.0,K,D*38
$GPGGA,235056.000,4349.9068,N,14355.7424,E,2,06,1.7,64.9,M,27.9,M,1.8,0000*46
$GPRMC,235056.000,A,4349.9068,N,14355.7424,E,0.00,63.72,150616,,,D*57
$GPVTG,63.72,T,,M,0.00,N,0.0,K,D*38
$GPGGA,235057.000,4349.9068,N,14355.7423,E,2,06,1.7,64.9,M,27.9,M,2.8,0000*43
$GPRMC,235057.000,A,4349.9068,N,14355.7423,E,0.00,63.72,150616,,,D*51
$GPVTG,63.72,T,,M,0.00,N,0.0,K,D*38
$GPGGA,235058.000,4349.9069,N,14355.7423,E,2,06,1.7,65.0,M,27.9,M,3.8,0000*44
$GPRMC,235058.000,A,4349.9069,N,14355.7423,E,0.00,63.72,150616,,,D*5F
$GPVTG,63.72,T,,M,0.00,N,0.0,K,D*38
$GPGGA,235059.000,4349.9070,N,14355.7422,E,2,06,1.7,65.1,M,27.9,M,0.8,0000*4E
$GPGSA,A,3,14,26,25,29,12,22,,,,,,,2.8,1.7,2.2*30
$GPGSV,3,1,12,09,75,060,,27,71,324,,14,67,207,41,30,58,052,*7E
$GPGSV,3,2,12,25,52,050,47,29,50,113,39,17,45,091,,06,36,061,*71
$GPGSV,3,3,12,26,25,242,45,08,24,292,,12,15,053,39,22,13,291,44*78
$GPRMC,235059.000,A,4349.9070,N,14355.7422,E,0.00,63.72,150616,,,D*57
$GPVTG,63.72,T,,M,0.00,N,0.0,K,D*38
$GPGGA,235100.000,4349.9070,N,14355.7422,E,2,06,1.7,65.1,M,27.9,M,0.8,0000*43
$GPRMC,235100.000,A,4349.9070,N,14355.7422,E,0.00,63.72,150616,,,D*5A
$GPVTG,63.72,T,,M,0.00,N,0.0,K,D*38
$GPGGA,235101.000,4349.9071,N,14355.7420,E,2,07,1.5,65.3,M,27.9,M,0.8,0000*40
$GPRMC,235101.000,A,4349.9071,N,14355.7420,E,0.00,63.72,150616,,,D*58
$GPVTG,63.72,T,,M,0.00,N,0.0,K,D*38
$GPGGA,235102.000,4349.9070,N,14355.7417,E,2,07,1.5,65.3,M,27.9,M,1.8,0000*47
$GPRMC,235102.000,A,4349.9070,N,14355.7417,E,0.00,63.72,150616,,,D*5E
$GPVTG,63.72,T,,M,0.00,N,0.0,K,D*38
$GPGGA,235103.000,4349.9069,N,14355.7414,E,2,07,1.5,65.4,M,27.9,M,2.8,0000*49
$GPRMC,235103.000,A,4349.9069,N,14355.7414,E,0.00,63.72,150616,,,D*54
$GPVTG,63.72,T,,M,0.00,N,0.0,K,D*38
$GPGGA,235104.000,4349.9068,N,14355.7411,E,2,07,1.5,65.5,M,27.9,M,3.8,0000*4A
$GPGSA,A,3,14,26,25,29,12,22,03,,,,,,2.6,1.5,2.2*3F
$GPGSV,3,1,12,09,75,061,,27,71,324,,14,67,207,43,30,58,052,*7D
$GPGSV,3,2,12,25,51,050,46,29,50,113,43,17,45,090,,06,36,061,*7F
$GPGSV,3,3,12,26,25,242,42,08,24,292,,12,15,053,40,22,13,291,36*74
$GPRMC,235104.000,A,4349.9068,N,14355.7411,E,0.00,63.72,150616,,,D*57
$GPVTG,63.72,T,,M,0.00,N,0.0,K,D*38
$GPGGA,235105.000,4349.9065,N,14355.7407,E,2,07,1.5,65.4,M,27.9,M,0.8,0000*43
$GPRMC,235105.000,A,4349.9065,N,14355.7407,E,0.00,63.72,150616,,,D*5C
$GPVTG,63.72,T,,M,0.00,N,0.0,K,D*38
$GPGGA,235106.000,4349.9062,N,14355.7402,E,2,07,1.5,65.4,M,27.9,M,0.8,0000*42
$GPRMC,235106.000,A,4349.9062,N,14355.7402,E,0.00,63.72,150616,,,D*5D
$GPVTG,63.72,T,,M,0.00,N,0.0,K,D*38
$GPGGA,235107.000,4349.9059,N,14355.7397,E,2,07,1.5,65.4,M,27.9,M,0.8,0000*40
$GPRMC,235107.000,A,4349.9059,N,14355.7397,E,0.00,63.72,150616,,,D*5F
$GPVTG,63.72,T,,M,0.00,N,0.0,K,D*38
$GPGGA,235108.000,4349.9056,N,14355.7393,E,2,07,1.5,65.3,M,27.9,M,1.8,0000*42
$GPRMC,235108.000,A,4349.9056,N,14355.7393,E,0.00,63.72,150616,,,D*5B
$GPVTG,63.72,T,,M,0.00,N,0.0,K,D*38
$GPGGA,235109.000,4349.9053,N,14355.7387,E,2,07,1.5,65.2,M,27.9,M,2.8,0000*41
$GPGSA,A,3,14,26,25,29,12,22,03,,,,,,2.6,1.5,2.2*3F
$GPGSV,3,1,12,09,75,061,,27,71,324,,14,67,207,44,30,58,052,25*7D
$GPGSV,3,2,12,25,51,050,47,29,50,113,45,17,45,090,,06,36,061,*78
$GPGSV,3,3,12,26,25,242,34,08,24,293,,12,15,053,42,22,13,291,37*77
$GPRMC,235109.000,A,4349.9053,N,14355.7387,E,1.85,228.84,150616,,,D*62
$GPVTG,228.84,T,,M,1.85,N,3.4,K,D*07
$GPGGA,235110.000,4349.9049,N,14355.7382,E,2,07,1.5,65.1,M,27.9,M,3.8,0000*45
$GPRMC,235110.000,A,4349.9049,N,14355.7382,E,0.00,228.84,150616,,,D*68
$GPVTG,228.84,T,,M,0.00,N,0.0,K,D*0C
$GPGGA,235111.000,4349.9046,N,14355.7376,E,2,07,1.5,65.0,M,27.9,M,0.8,0000*42
$GPRMC,235111.000,A,4349.9046,N,14355.7376,E,0.00,228.84,150616,,,D*6D
$GPVTG,228.84,T,,M,0.00,N,0.0,K,D*0C
$GPGGA,235112.000,4349.9043,N,14355.7371,E,2,07,1.5,65.0,M,27.9,M,0.8,0000*43
$GPRMC,235112.000,A,4349.9043,N,14355.7371,E,0.00,228.84,150616,,,D*6C
$GPVTG,228.84,T,,M,0.00,N,0.0,K,D*0C
$GPGGA,235113.000,4349.9040,N,14355.7365,E,2,07,1.5,65.0,M,27.9,M,0.8,0000*44
$GPRMC,235113.000,A,4349.9040,N,14355.7365,E,1.89,231.77,150616,,,D*6F
$GPVTG,231.77,T,,M,1.89,N,3.5,K,D*0E
$GPGGA,235114.000,4349.9036,N,14355.7359,E,2,07,1.5,65.0,M,27.9,M,1.8,0000*4C
$GPGSA,A,3,14,26,25,29,12,22,03,,,,,,2.6,1.5,2.2*3F
$GPGSV,3,1,12,09,75,061,,27,71,324,,14,67,207,43,30,58,052,*7D
$GPGSV,3,2,12,25,51,050,47,29,50,113,45,17,45,090,,06,36,061,*78
$GPGSV,3,3,12,26,25,242,39,08,24,293,,12,15,053,43,22,13,291,36*7A
$GPRMC,235114.000,A,4349.9036,N,14355.7359,E,0.00,231.77,150616,,,D*66
$GPVTG,231.77,T,,M,0.00,N,0.0,K,D*08
$GPGGA,235115.000,4349.9031,N,14355.7356,E,2,07,1.5,65.0,M,27.9,M,2.8,0000*46
$GPRMC,235115.000,A,4349.9031,N,14355.7356,E,2.15,185.74,150616,,,D*66
$GPVTG,185.74,T,,M,2.15,N,4.0,K,D*05
$GPGGA,235116.000,4349.9024,N,14355.7357,E,2,07,1.5,65.0,M,27.9,M,3.8,0000*41
$GPRMC,235116.000,A,4349.9024,N,14355.7357,E,2.38,161.75,150616,,,D*64
$GPVTG,161.75,T,,M,2.38,N,4.4,K,D*05
$GPGGA,235117.000,4349.9018,N,14355.7360,E,2,07,1.5,65.0,M,27.9,M,0.8,0000*48
$GPRMC,235117.000,A,4349.9018,N,14355.7360,E,2.32,156.69,150616,,,D*6D
$GPVTG,156.69,T,,M,2.32,N,4.3,K,D*01
$GPGGA,235118.000,4349.9013,N,14355.7363,E,2,07,1.5,65.1,M,27.9,M,0.8,0000*4E
$GPRMC,235118.000,A,4349.9013,N,14355.7363,E,2.16,160.79,150616,,,D*68
$GPVTG,160.79,T,,M,2.16,N,4.0,K,D*00
$GPGGA,235119.000,4349.9007,N,14355.7366,E,2,07,1.5,65.2,M,27.9,M,0.8,0000*4C
$GPGSA,A,3,14,26,25,29,12,22,03,,,,,,2.6,1.5,2.2*3F
$GPGSV,3,1,12,09,75,061,,27,71,324,,14,67,207,43,30,58,052,23*7C
$GPGSV,3,2,12,25,51,050,47,29,50,113,44,17,45,090,,06,36,061,*79
$GPGSV,3,3,12,26,25,242,40,08,24,293,,12,15,053,37,22,13,291,37*76
$GPRMC,235119.000,A,4349.9007,N,14355.7366,E,2.02,155.75,150616,,,D*66
$GPVTG,155.75,T,,M,2.02,N,3.7,K,D*0F
$GPGGA,235120.000,4349.9002,N,14355.7368,E,2,07,1.5,65.1,M,27.9,M,1.8,0000*4F
$GPRMC,235120.000,A,4349.9002,N,14355.7368,E,0.00,155.75,150616,,,D*67
$GPVTG,155.75,T,,M,0.00,N,0.0,K,D*0B
$GPGGA,235121.000,4349.8999,N,14355.7369,E,2,07,1.5,65.1,M,27.9,M,2.8,0000*46
$GPRMC,235121.000,A,4349.8999,N,14355.7369,E,0.00,155.75,150616,,,D*6D
$GPVTG,155.75,T,,M,0.00,N,0.0,K,D*0B
$GPGGA,235122.000,4349.8998,N,14355.7369,E,2,07,1.5,65.1,M,27.9,M,3.8,0000*45
$GPRMC,235122.000,A,4349.8998,N,14355.7369,E,0.00,155.75,150616,,,D*6F
$GPVTG,155.75,T,,M,0.00,N,0.0,K,D*0B
$GPGGA,235123.000,4349.8997,N,14355.7369,E,2,07,1.5,65.1,M,27.9,M,4.8,0000*4C
$GPRMC,235123.000,A,4349.8997,N,14355.7369,E,0.00,155.75,150616,,,D*61
$GPVTG,155.75,T,,M,0.00,N,0.0,K,D*0B
$GPGGA,235124.000,4349.8997,N,14355.7369,E,2,07,1.5,65.0,M,27.9,M,0.8,0000*4E
$GPGSA,A,3,14,26,25,29,12,22,03,,,,,,2.6,1.5,2.2*3F
$GPGSV,3,1,12,09,75,061,,27,71,324,,14,67,207,42,30,58,052,16*7B
$GPGSV,3,2,12,25,51,050,47,29,50,113,46,17,45,090,,06,36,061,*7B
$GPGSV,3,3,12,26,25,242,32,08,24,293,,12,15,053,45,22,13,291,27*77
$GPRMC,235124.000,A,4349.8997,N,14355.7369,E,0.00,155.75,150616,,,D*66
$GPVTG,155.75,T,,M,0.00,N,0.0,K,D*0B
$GPGGA,235125.000,4349.8997,N,14355.7369,E,2,07,1.5,65.0,M,27.9,M,0.8,0000*4F
$GPRMC,235125.000,A,4349.8997,N,14355.7369,E,0.00,155.75,150616,,,D*67
$GPVTG,155.75,T,,M,0.00,N,0.0,K,D*0B
$GPGGA,235126.000,4349.8998,N,14355.7369,E,2,07,1.5,65.0,M,27.9,M,1.8,0000*42
$GPRMC,235126.000,A,4349.8998,N,14355.7369,E,0.00,155.75,150616,,,D*6B
$GPVTG,155.75,T,,M,0.00,N,0.0,K,D*0B
$GPGGA,235127.000,4349.8998,N,14355.7368,E,2,07,1.5,65.0,M,27.9,M,2.8,0000*41
$GPRMC,235127.000,A,4349.8998,N,14355.7368,E,0.00,155.75,150616,,,D*6B
$GPVTG,155.75,T,,M,0.00,N,0.0,K,D*0B
$GPGGA,235128.000,4349.8998,N,14355.7368,E,2,07,1.5,65.0,M,27.9,M,3.8,0000*4F
$GPRMC,235128.000,A,4349.8998,N,14355.7368,E,0.00,155.75,150616,,,D*64
$GPVTG,155.75,T,,M,0.00,N,0.0,K,D*0B
$GPGGA,235129.000,4349.8999,N,14355.7368,E,2,07,1.5,65.0,M,27.9,M,4.8,0000*48
$GPGSA,A,3,14,26,25,29,12,22,03,,,,,,2.6,1.5,2.2*3F
$GPGSV,3,1,12,09,75,061,,27,71,324,,14,67,207,42,30,58,052,18*75
$GPGSV,3,2,12,25,51,050,46,29,50,113,46,17,45,090,,06,36,061,*7A
$GPGSV,3,3,12,26,25,242,31,08,24,293,,12,15,053,45,22,13,291,28*7B
$GPRMC,235129.000,A,4349.8999,N,14355.7368,E,0.00,155.75,150616,,,D*64
$GPVTG,155.75,T,,M,0.00,N,0.0,K,D*0B
$GPGGA,235130.000,4349.8999,N,14355.7367,E,2,07,1.5,65.0,M,27.9,M,5.8,0000*4E
$GPRMC,235130.000,A,4349.8999,N,14355.7367,E,0.00,155.75,150616,,,D*63
$GPVTG,155.75,T,,M,0.00,N,0.0,K,D*0B
$GPGGA,235131.000,4349.8998,N,14355.7368,E,2,08,1.2,64.7,M,27.9,M,6.8,0000*4C
$GPRMC,235131.000,A,4349.8998,N,14355.7368,E,0.00,155.75,150616,,,D*6C
$GPVTG,155.75,T,,M,0.00,N,0.0,K,D*0B
$GPGGA,235132.000,4349.8997,N,14355.7369,E,2,08,1.2,64.5,M,27.9,M,7.8,0000*42
$GPRMC,235132.000,A,4349.8997,N,14355.7369,E,0.00,155.75,150616,,,D*61
$GPVTG,155.75,T,,M,0.00,N,0.0,K,D*0B
$GPGGA,235133.000,4349.8996,N,14355.7369,E,2,08,1.2,64.2,M,27.9,M,8.8,0000*4A
$GPRMC,235133.000,A,4349.8996,N,14355.7369,E,0.00,155.75,150616,,,D*61
$GPVTG,155.75,T,,M,0.00,N,0.0,K,D*0B
$GPGGA,235134.000,4349.8995,N,14355.7371,E,2,08,1.2,63.9,M,27.9,M,0.8,0000*43
$GPGSA,A,3,14,26,25,29,12,22,31,03,,,,,2.0,1.2,1.6*3B
$GPGSV,3,1,12,09,75,062,,27,71,324,,14,67,206,41,30,58,052,18*74
$GPGSV,3,2,12,31,57,308,45,25,51,050,47,29,50,113,46,17,45,090,*75
$GPGSV,3,3,12,06,35,061,,26,25,242,31,08,24,293,,12,15,054,45*79
$GPRMC,235134.000,A,4349.8995,N,14355.7371,E,0.00,155.75,150616,,,D*6C
$GPVTG,155.75,T,,M,0.00,N,0.0,K,D*0B
$GPGGA,235135.000,4349.8994,N,14355.7372,E,2,08,1.2,63.5,M,27.9,M,0.8,0000*4C
$GPRMC,235135.000,A,4349.8994,N,14355.7372,E,0.00,155.75,150616,,,D*6F
$GPVTG,155.75,T,,M,0.00,N,0.0,K,D*0B
$GPGGA,235136.000,4349.8993,N,14355.7373,E,2,08,1.2,63.2,M,27.9,M,0.8,0000*4E
$GPRMC,235136.000,A,4349.8993,N,14355.7373,E,0.00,155.75,150616,,,D*6A
$GPVTG,155.75,T,,M,0.00,N,0.0,K,D*0B
$GPGGA,235137.000,4349.8992,N,14355.7374,E,2,08,1.2,62.9,M,27.9,M,0.8,0000*43
$GPRMC,235137.000,A,4349.8992,N,14355.7374,E,0.00,155.75,150616,,,D*6D
$GPVTG,155.75,T,,M,0.00,N,0.0,K,D*0B
$GPGGA,235138.000,4349.8991,N,14355.7375,E,2,08,1.2,62.7,M,27.9,M,0.8,0000*40
$GPRMC,235138.000,A,4349.8991,N,14355.7375,E,0.00,155.75,150616,,,D*60
$GPVTG,155.75,T,,M,0.00,N,0.0,K,D*0B
$GPGGA,235139.000,4349.8990,N,14355.7376,E,2,08,1.2,62.4,M,27.9,M,1.8,0000*41
$GPGSA,A,3,14,26,25,29,12,22,31,03,,,,,2.0,1.2,1.6*3B
$GPGSV,3,1,12,09,75,062,,14,67,206,42,30,58,052,18,31,57,308,45*7B
$GPGSV,3,2,12,25,51,050,47,29,50,112,47,17,45,090,,06,35,061,*78
$GPGSV,3,3,12,26,25,242,30,08,24,293,,12,15,054,44,22,13,291,30*75
$GPRMC,235139.000,A,4349.8990,N,14355.7376,E,0.00,155.75,150616,,,D*63
$GPVTG,155.75,T,,M,0.00,N,0.0,K,D*0B
$GPGGA,235140.000,4349.8990,N,14355.7377,E,2,08,1.2,62.1,M,27.9,M,2.8,0000*48
$GPRMC,235140.000,A,4349.8990,N,14355.7377,E,0.00,155.75,150616,,,D*6C
$GPVTG,155.75,T,,M,0.00,N,0.0,K,D*0B
$GPGGA,235141.000,4349.8989,N,14355.7377,E,2,08,1.2,61.8,M,27.9,M,0.8,0000*49
$GPRMC,235141.000,A,4349.8989,N,14355.7377,E,0.00,155.75,150616,,,D*65
$GPVTG,155.75,T,,M,0.00,N,0.0,K,D*0B
$GPGGA,235142.000,4349.8988,N,14355.7378,E,2,08,1.2,61.6,M,27.9,M,0.8,0000*4A
$GPRMC,235142.000,A,4349.8988,N,14355.7378,E,0.00,155.75,150616,,,D*68
$GPVTG,155.75,T,,M,0.00,N,0.0,K,D*0B
$GPGGA,235143.000,4349.8987,N,14355.7379,E,2,08,1.2,61.4,M,27.9,M,0.8,0000*47
$GPRMC,235143.000,A,4349.8987,N,14355.7379,E,0.00,155.75,150616,,,D*67
$GPVTG,155.75,T,,M,0.00,N,0.0,K,D*0B
$GPGGA,235144.000,4349.8986,N,14355.7379,E,2,08,1.2,61.2,M,27.9,M,0.8,0000*47
$GPGSA,A,3,14,26,25,29,12,22,31,03,,,,,2.0,1.2,1.6*3B
$GPGSV,3,1,12,09,75,062,,14,67,206,41,30,58,052,17,31,57,308,44*76
$GPGSV,3,2,12,25,51,050,47,29,50,112,47,17,45,090,,06,35,061,*78
$GPGSV,3,3,12,26,25,242,30,08,24,293,,12,15,054,43,22,13,291,29*7A
$GPRMC,235144.000,A,4349.8986,N,14355.7379,E,0.00,155.75,150616,,,D*61
$GPVTG,155.75,T,,M,0.00,N,0.0,K,D*0B
$GPGGA,235145.000,4349.8986,N,14355.7380,E,2,08,1.2,61.0,M,27.9,M,1.8,0000*43
$GPRMC,235145.000,A,4349.8986,N,14355.7380,E,0.00,155.75,150616,,,D*66
$GPVTG,155.75,T,,M,0.00,N,0.0,K,D*0B
$GPGGA,235146.000,4349.8985,N,14355.7380,E,2,08,1.2,60.9,M,27.9,M,2.8,0000*48
$GPRMC,235146.000,A,4349.8985,N,14355.7380,E,0.00,155.75,150616,,,D*66
$GPVTG,155.75,T,,M,0.00,N,0.0,K,D*0B
$GPGGA,235147.000,4349.8984,N,14355.7381,E,2,08,1.2,60.7,M,27.9,M,0.8,0000*45
$GPRMC,235147.000,A,4349.8984,N,14355.7381,E,0.00,155.75,150616,,,D*67
$GPVTG,155.75,T,,M,0.00,N,0.0,K,D*0B
$GPGGA,235148.000,4349.8985,N,14355.7381,E,2,08,1.2,60.5,M,27.9,M,0.8,0000*49
$GPRMC,235148.000,A,4349.8985,N,14355.7381,E,0.00,155.75,150616,,,D*69
$GPVTG,155.75,T,,M,0.00,N,0.0,K,D*0B
$GPGGA,235149.000,4349.8987,N,14355.7379,E,2,08,1.2,60.1,M,27.9,M,0.8,0000*49
$GPGSA,A,3,14,26,25,29,12,22,31,03,,,,,2.0,1.2,1.6*3B
$GPGSV,3,1,12,09,75,062,,14,67,206,42,30,58,052,17,31,57,308,44*75
$GPGSV,3,2,12,25,51,050,47,29,50,112,47,17,45,090,,06,35,061,*78
$GPGSV,3,3,12,26,25,242,35,08,24,293,,12,15,054,42,22,13,291,26*71
$GPRMC,235149.000,A,4349.8987,N,14355.7379,E,0.00,155.75,150616,,,D*6D
$GPVTG,155.75,T,,M,0.00,N,0.0,K,D*0B
$GPGGA,235150.000,4349.8991,N,14355.7375,E,2,08,1.2,59.8,M,27.9,M,1.8,0000*48
$GPRMC,235150.000,A,4349.8991,N,14355.7375,E,1.75,325.89,150616,,,D*6B
$GPVTG,325.89,T,,M,1.75,N,3.2,K,D*0F
$GPGGA,235151.000,4349.8995,N,14355.7371,E,2,08,1.2,59.6,M,27.9,M,2.8,0000*44
$GPRMC,235151.000,A,4349.8995,N,14355.7371,E,2.18,325.49,150616,,,D*6E
$GPVTG,325.49,T,,M,2.18,N,4.0,K,D*0E
$GPGGA,235152.000,4349.9000,N,14355.7366,E,2,08,1.2,59.3,M,27.9,M,0.8,0000*42
$GPRMC,235152.000,A,4349.9000,N,14355.7366,E,2.30,328.98,150616,,,D*64
$GPVTG,328.98,T,,M,2.30,N,4.3,K,D*06
$GPGGA,235153.000,4349.9005,N,14355.7361,E,2,08,1.2,59.0,M,27.9,M,0.8,0000*42
$GPRMC,235153.000,A,4349.9005,N,14355.7361,E,2.31,327.41,150616,,,D*6D
$GPVTG,327.41,T,,M,2.31,N,4.3,K,D*0C
$GPGGA,235154.000,4349.9010,N,14355.7356,E,2,08,1.2,58.8,M,27.9,M,0.8,0000*4C
$GPGSA,A,3,14,26,25,29,12,22,31,03,,,,,2.0,1.2,1.6*3B
$GPGSV,3,1,12,09,75,062,,14,67,206,43,30,58,052,22,31,57,308,44*72
$GPGSV,3,2,12,25,51,050,45,29,50,112,46,17,45,090,,06,35,061,*7B
$GPGSV,3,3,12,26,25,242,39,08,24,293,,12,15,054,42,22,13,291,34*7E
$GPRMC,235154.000,A,4349.9010,N,14355.7356,E,2.36,326.37,150616,,,D*6D
$GPVTG,326.37,T,,M,2.36,N,4.4,K,D*0C
$GPGGA,235155.000,4349.9015,N,14355.7351,E,2,08,1.2,58.6,M,27.9,M,1.8,0000*40
$GPRMC,235155.000,A,4349.9015,N,14355.7351,E,2.32,326.49,150616,,,D*63
$GPVTG,326.49,T,,M,2.32,N,4.3,K,D*06
$GPGGA,235156.000,4349.9020,N,14355.7346,E,2,08,1.2,58.5,M,27.9,M,2.8,0000*43
$GPRMC,235156.000,A,4349.9020,N,14355.7346,E,2.30,328.11,150616,,,D*61
$GPVTG,328.11,T,,M,2.30,N,4.3,K,D*07
$GPGGA,235157.000,4349.9025,N,14355.7342,E,2,08,1.2,58.3,M,27.9,M,3.8,0000*44
$GPRMC,235157.000,A,4349.9025,N,14355.7342,E,2.29,324.98,150616,,,D*64
$GPVTG,324.98,T,,M,2.29,N,4.2,K,D*03
$GPGGA,235158.000,4349.9030,N,14355.7337,E,2,08,1.2,58.2,M,27.9,M,4.8,0000*4B
$GPRMC,235158.000,A,4349.9030,N,14355.7337,E,2.21,322.28,150616,,,D*68
$GPVTG,322.28,T,,M,2.21,N,4.1,K,D*05
$GPGGA,235159.000,4349.9034,N,14355.7332,E,2,08,1.2,58.1,M,27.9,M,0.8,0000*4C
$GPGSA,A,3,14,26,25,29,12,22,31,03,,,,,2.0,1.2,1.6*3B
$GPGSV,3,1,12,09,75,062,,14,67,206,38,30,58,052,22,31,57,308,44*7E
$GPGSV,3,2,12,25,51,050,45,29,50,112,46,17,45,090,,06,35,061,*7B
$GPGSV,3,3,12,26,25,242,37,08,24,293,,12,15,054,42,22,13,291,29*7C
$GPRMC,235159.000,A,4349.9034,N,14355.7332,E,0.00,322.28,150616,,,D*69
$GPVTG,322.28,T,,M,0.00,N,0.0,K,D*01
$GPGGA,235200.000,4349.9036,N,14355.7329,E,2,08,1.2,57.9,M,27.9,M,0.8,0000*4C
$GPRMC,235200.000,A,4349.9036,N,14355.7329,E,0.00,322.28,150616,,,D*6E
$GPVTG,322.28,T,,M,0.00,N,0.0,K,D*01
$GPGGA,235201.000,4349.9037,N,14355.7328,E,2,08,1.2,57.8,M,27.9,M,0.8,0000*4C
$GPRMC,235201.000,A,4349.9037,N,14355.7328,E,0.00,322.28,150616,,,D*6F
$GPVTG,322.28,T,,M,0.00,N,0.0,K,D*01
$GPGGA,235202.000,4349.9038,N,14355.7328,E,2,08,1.2,57.7,M,27.9,M,1.8,0000*4E
$GPRMC,235202.000,A,4349.9038,N,14355.7328,E,0.00,322.28,150616,,,D*63
$GPVTG,322.28,T,,M,0.00,N,0.0,K,D*01
$GPGGA,235203.000,4349.9037,N,14355.7328,E,2,08,1.2,57.6,M,27.9,M,2.8,0000*42
$GPRMC,235203.000,A,4349.9037,N,14355.7328,E,0.00,322.28,150616,,,D*6D
$GPVTG,322.28,T,,M,0.00,N,0.0,K,D*01
$GPGGA,235204.000,4349.9037,N,14355.7329,E,2,08,1.2,57.5,M,27.9,M,3.8,0000*46
$GPGSA,A,3,14,26,25,29,12,22,31,03,,,,,2.0,1.2,1.6*3B
$GPGSV,3,1,12,09,75,062,,14,67,206,42,30,58,052,22,31,57,308,46*71
$GPGSV,3,2,12,25,51,050,44,29,50,112,48,17,45,090,,06,35,061,*74
$GPGSV,3,3,12,26,25,242,40,08,24,293,,12,15,054,43,22,13,291,27*73
$GPRMC,235204.000,A,4349.9037,N,14355.7329,E,0.00,322.28,150616,,,D*6B
$GPVTG,322.28,T,,M,0.00,N,0.0,K,D*01
$GPGGA,235205.000,4349.9037,N,14355.7329,E,2,08,1.2,57.3,M,27.9,M,0.8,0000*42
$GPRMC,235205.000,A,4349.9037,N,14355.7329,E,0.00,322.28,150616,,,D*6A
$GPVTG,322.28,T,,M,0.00,N,0.0,K,D*01
$GPGGA,235206.000,4349.9037,N,14355.7329,E,2,08,1.2,57.3,M,27.9,M,0.8,0000*41
$GPRMC,235206.000,A,4349.9037,N,14355.7329,E,0.00,322.28,150616,,,D*69
$GPVTG,322.28,T,,M,0.00,N,0.0,K,D*01
$GPGGA,235207.000,4349.9037,N,14355.7329,E,2,08,1.2,57.2,M,27.9,M,0.8,0000*41
$GPRMC,235207.000,A,4349.9037,N,14355.7329,E,0.00,322.28,150616,,,D*68
$GPVTG,322.28,T,,M,0.00,N,0.0,K,D*01
$GPGGA,235208.000,4349.9037,N,14355.7330,E,2,08,1.2,57.2,M,27.9,M,1.8,0000*47
$GPRMC,235208.000,A,4349.9037,N,14355.7330,E,0.00,322.28,150616,,,D*6F
$GPVTG,322.28,T,,M,0.00,N,0.0,K,D*01
$GPGGA,235209.000,4349.9037,N,14355.7330,E,2,08,1.2,57.2,M,27.9,M,2.8,0000*45
$GPGSA,A,3,14,26,25,29,12,22,31,03,,,,,2.0,1.2,1.6*3B
$GPGSV,3,1,12,09,75,063,,14,66,206,43,31,58,308,44,30,57,053,22*73
$GPGSV,3,2,12,25,51,050,44,29,51,112,48,17,45,090,,06,35,061,*75
$GPGSV,3,3,12,26,26,243,40,08,24,293,,12,15,054,44,22,13,291,27*76
$GPRMC,235209.000,A,4349.9037,N,14355.7330,E,0.00,322.28,150616,,,D*6E
$GPVTG,322.28,T,,M,0.00,N,0.0,K,D*01
$GPGGA,235210.000,4349.9037,N,14355.7330,E,2,08,1.2,57.2,M,27.9,M,0.8,0000*4F
$GPRMC,235210.000,A,4349.9037,N,14355.7330,E,0.00,322.28,150616,,,D*66
$GPVTG,322.28,T,,M,0.00,N,0.0,K,D*01
$GPGGA,235211.000,4349.9037,N,14355.7330,E,2,08,1.2,57.3,M,27.9,M,0.8,0000*4F
$GPRMC,235211.000,A,4349.9037,N,14355.7330,E,0.00,322.28,150616,,,D*67
$GPVTG,322.28,T,,M,0.00,N,0.0,K,D*01
$GPGGA,235212.000,4349.9037,N,14355.7331,E,2,08,1.2,57.3,M,27.9,M,0.8,0000*4D
$GPRMC,235212.000,A,4349.9037,N,14355.7331,E,0.00,322.28,150616,,,D*65
$GPVTG,322.28,T,,M,0.00,N,0.0,K,D*01
$GPGGA,235213.000,4349.9037,N,14355.7331,E,2,08,1.2,57.2,M,27.9,M,0.8,0000*4D
$GPRMC,235213.000,A,4349.9037,N,14355.7331,E,0.00,322.28,150616,,,D*64
$GPVTG,322.28,T,,M,0.00,N,0.0,K,D*01
$GPGGA,235214.000,4349.9037,N,14355.7331,E,2,08,1.2,57.2,M,27.9,M,1.8,0000*4B
$GPGSA,A,3,14,26,25,29,12,22,31,03,,,,,2.0,1.2,1.6*3B
$GPGSV,3,1,12,09,75,063,,14,66,206,42,31,58,308,43,30,57,053,22*75
$GPGSV,3,2,12,25,51,050,44,29,51,112,47,17,45,090,,06,35,060,*7B
$GPGSV,3,3,12,26,26,243,40,08,24,293,,12,15,054,45,22,13,291,27*77
$GPRMC,235214.000,A,4349.9037,N,14355.7331,E,0.00,322.28,150616,,,D*63
$GPVTG,322.28,T,,M,0.00,N,0.0,K,D*01
$GPGGA,235215.000,4349.9037,N,14355.7332,E,2,08,1.2,57.2,M,27.9,M,2.8,0000*4A
$GPRMC,235215.000,A,4349.9037,N,14355.7332,E,0.00,322.28,150616,,,D*61
$GPVTG,322.28,T,,M,0.00,N,0.0,K,D*01
$GPGGA,235216.000,4349.9037,N,14355.7332,E,2,08,1.2,57.1,M,27.9,M,3.8,0000*4B
$GPRMC,235216.000,A,4349.9037,N,14355.7332,E,0.00,322.28,150616,,,D*62
$GPVTG,322.28,T,,M,0.00,N,0.0,K,D*01
$GPGGA,235217.000,4349.9037,N,14355.7333,E,2,08,1.2,57.1,M,27.9,M,4.8,0000*4C
$GPRMC,235217.000,A,4349.9037,N,14355.7333,E,0.00,322.28,150616,,,D*62
$GPVTG,322.28,T,,M,0.00,N,0.0,K,D*01
$GPGGA,235218.000,4349.9037,N,14355.7334,E,2,07,1.3,57.2,M,27.9,M,5.8,0000*48
$GPRMC,235218.000,A,4349.9037,N,14355.7334,E,0.00,322.28,150616,,,D*6A
$GPVTG,322.28,T,,M,0.00,N,0.0,K,D*01
$GPGGA,235219.000,4349.9037,N,14355.7334,E,2,07,1.3,57.2,M,27.9,M,0.8,0000*4C
$GPGSA,A,3,14,26,25,29,12,31,03,,,,,,2.1,1.3,1.6*3B
$GPGSV,3,1,12,09,75,063,,14,66,206,41,31,58,308,42,30,57,053,22*77
$GPGSV,3,2,12,25,51,050,44,29,51,112,45,17,45,090,,06,35,060,*79
$GPGSV,3,3,12,26,26,243,40,08,24,293,,12,15,054,45,22,13,291,28*78
$GPRMC,235219.000,A,4349.9037,N,14355.7334,E,0.00,322.28,150616,,,D*6B
$GPVTG,322.28,T,,M,0.00,N,0.0,K,D*01
$GPGGA,235220.000,4349.9039,N,14355.7333,E,2,07,1.3,57.2,M,27.9,M,1.8,0000*4E
$GPRMC,235220.000,A,4349.9039,N,14355.7333,E,0.00,322.28,150616,,,D*68
$GPVTG,322.28,T,,M,0.00,N,0.0,K,D*01
$GPGGA,235221.000,4349.9042,N,14355.7330,E,2,07,1.3,57.1,M,27.9,M,2.8,0000*40
$GPRMC,235221.000,A,4349.9042,N,14355.7330,E,0.00,322.28,150616,,,D*66
$GPVTG,322.28,T,,M,0.00,N,0.0,K,D*01
$GPGGA,235222.000,4349.9046,N,14355.7325,E,2,07,1.3,57.1,M,27.9,M,3.8,0000*42
$GPRMC,235222.000,A,4349.9046,N,14355.7325,E,1.83,307.23,150616,,,D*63
$GPVTG,307.23,T,,M,1.83,N,3.4,K,D*00
$GPGGA,235223.000,4349.9049,N,14355.7318,E,2,07,1.3,57.0,M,27.9,M,0.8,0000*40
$GPRMC,235223.000,A,4349.9049,N,14355.7318,E,2.09,297.01,150616,,,D*6A
$GPVTG,297.01,T,,M,2.09,N,3.9,K,D*04
$GPGGA,235224.000,4349.9051,N,14355.7311,E,2,07,1.3,56.9,M,27.9,M,0.8,0000*4F
$GPGSA,A,3,14,26,25,29,12,31,03,,,,,,2.1,1.3,1.6*3B
$GPGSV,3,1,12,09,75,063,,14,66,206,42,31,58,308,44,30,57,053,22*72
$GPGSV,3,2,12,25,51,050,45,29,51,112,46,17,45,090,,06,35,060,*7B
$GPGSV,3,3,12,26,26,243,37,08,24,293,,12,15,054,45,22,13,291,28*78
$GPRMC,235224.000,A,4349.9051,N,14355.7311,E,0.00,297.01,150616,,,D*66
$GPVTG,297.01,T,,M,0.00,N,0.0,K,D*05
$GPGGA,235225.000,4349.9054,N,14355.7305,E,2,07,1.3,56.8,M,27.9,M,0.8,0000*4F
$GPRMC,235225.000,A,4349.9054,N,14355.7305,E,0.00,297.01,150616,,,D*67
$GPVTG,297.01,T,,M,0.00,N,0.0,K,D*05
$GPGGA,235226.000,4349.9057,N,14355.7298,E,2,07,1.3,56.8,M,27.9,M,1.8,0000*4B
$GPRMC,235226.000,A,4349.9057,N,14355.7298,E,1.99,298.51,150616,,,D*69
$GPVTG,298.51,T,,M,1.99,N,3.7,K,D*0A
$GPGGA,235227.000,4349.9060,N,14355.7291,E,2,07,1.3,56.7,M,27.9,M,2.8,0000*4B
$GPRMC,235227.000,A,4349.9060,N,14355.7291,E,2.11,302.24,150616,,,D*66
$GPVTG,302.24,T,,M,2.11,N,3.9,K,D*07
$GPGGA,235228.000,4349.9063,N,14355.7283,E,2,07,1.3,56.6,M,27.9,M,3.8,0000*44
$GPRMC,235228.000,A,4349.9063,N,14355.7283,E,2.20,300.73,150616,,,D*6B
$GPVTG,300.73,T,,M,2.20,N,4.1,K,D*0A
$GPGGA,235229.000,4349.9065,N,14355.7276,E,2,07,1.3,56.4,M,27.9,M,0.8,0000*48
$GPGSA,A,3,14,26,25,29,12,31,03,,,,,,2.1,1.3,1.6*3B
$GPGSV,3,1,12,09,75,063,,14,66,206,42,31,58,308,45,30,57,053,22*73
$GPGSV,3,2,12,25,51,050,44,29,51,112,46,17,45,090,,06,35,060,*7A
$GPGSV,3,3,12,26,26,243,35,08,24,293,,12,15,054,44,22,13,291,28*7B
$GPRMC,235229.000,A,4349.9065,N,14355.7276,E,2.14,299.94,150616,,,D*69
$GPVTG,299.94,T,,M,2.14,N,4.0,K,D*04
$GPGGA,235230.000,4349.9068,N,14355.7268,E,2,07,1.3,56.3,M,27.9,M,1.8,0000*44
$GPRMC,235230.000,A,4349.9068,N,14355.7268,E,2.11,299.66,150616,,,D*6B
$GPVTG,299.66,T,,M,2.11,N,3.9,K,D*02
$GPGGA,235231.000,4349.9071,N,14355.7261,E,2,07,1.3,56.1,M,27.9,M,2.8,0000*45
$GPRMC,235231.000,A,4349.9071,N,14355.7261,E,2.20,298.06,150616,,,D*6E
$GPVTG,298.06,T,,M,2.20,N,4.1,K,D*08
$GPGGA,235232.000,4349.9074,N,14355.7253,E,2,07,1.3,56.0,M,27.9,M,3.8,0000*42
$GPRMC,235232.000,A,4349.9074,N,14355.7253,E,2.19,301.38,150616,,,D*6F
$GPVTG,301.38,T,,M,2.19,N,4.1,K,D*0E
$GPGGA,235233.000,4349.9077,N,14355.7246,E,2,07,1.3,55.8,M,27.9,M,4.8,0000*48
$GPRMC,235233.000,A,4349.9077,N,14355.7246,E,2.14,302.43,150616,,,D*6B
$GPVTG,302.43,T,,M,2.14,N,4.0,K,D*0D
$GPGGA,235234.000,4349.9080,N,14355.7239,E,2,07,1.3,55.7,M,27.9,M,5.8,0000*41
$GPGSA,A,3,14,26,25,29,12,31,03,,,,,,2.1,1.3,1.6*3B
$GPGSV,3,1,12,09,75,063,,14,66,206,43,31,58,308,44,30,57,053,23*72
$GPGSV,3,2,12,25,51,050,45,29,51,112,46,17,45,090,,06,35,060,*7B
$GPGSV,3,3,12,26,26,243,37,08,24,293,16,12,15,054,44,22,13,291,27*71
$GPRMC,235234.000,A,4349.9080,N,14355.7239,E,2.14,306.72,150616,,,D*6A
$GPVTG,306.72,T,,M,2.14,N,4.0,K,D*0B
$GPGGA,235235.000,4349.9084,N,14355.7231,E,2,07,1.3,55.5,M,27.9,M,0.8,0000*4B
$GPRMC,235235.000,A,4349.9084,N,14355.7231,E,2.22,305.28,150616,,,D*6E
$GPVTG,305.28,T,,M,2.22,N,4.1,K,D*03
$GPGGA,235236.000,4349.9087,N,14355.7224,E,2,07,1.3,55.4,M,27.9,M,0.8,0000*4E
$GPRMC,235236.000,A,4349.9087,N,14355.7224,E,2.26,299.67,150616,,,D*61
$GPVTG,299.67,T,,M,2.26,N,4.2,K,D*0B
$GPGGA,235237.000,4349.9091,N,14355.7216,E,2,07,1.3,55.3,M,27.9,M,1.8,0000*4F
$GPRMC,235237.000,A,4349.9091,N,14355.7216,E,2.34,299.80,150616,,,D*6C
$GPVTG,299.80,T,,M,2.34,N,4.3,K,D*00
$GPGGA,235238.000,4349.9094,N,14355.7207,E,2,07,1.3,55.2,M,27.9,M,2.8,0000*47
$GPRMC,235238.000,A,4349.9094,N,14355.7207,E,2.48,302.44,150616,,,D*66
$GPVTG,302.44,T,,M,2.48,N,4.6,K,D*05
$GPGGA,235239.000,4349.9098,N,14355.7199,E,2,07,1.3,55.2,M,27.9,M,3.8,0000*4F
$GPGSA,A,3,14,26,25,29,12,31,03,,,,,,2.1,1.3,1.6*3B
$GPGSV,3,1,12,09,75,063,,14,66,206,43,31,58,308,44,30,57,053,21*70
$GPGSV,3,2,12,25,51,050,45,29,51,112,46,17,45,090,,06,35,060,*7B
$GPGSV,3,3,12,26,26,243,36,08,24,293,,12,15,054,44,22,13,291,35*74
$GPRMC,235239.000,A,4349.9098,N,14355.7199,E,2.50,299.54,150616,,,D*64
$GPVTG,299.54,T,,M,2.50,N,4.6,K,D*0E
$GPGGA,235240.000,4349.9101,N,14355.7190,E,2,07,1.3,55.1,M,27.9,M,4.8,0000*4D
$GPRMC,235240.000,A,4349.9101,N,14355.7190,E,2.48,301.38,150616,,,D*61
$GPVTG,301.38,T,,M,2.48,N,4.6,K,D*0D
$GPGGA,235241.000,4349.9105,N,14355.7182,E,2,07,1.3,55.2,M,27.9,M,0.8,0000*4C
$GPRMC,235241.000,A,4349.9105,N,14355.7182,E,2.49,295.95,150616,,,D*6D
$GPVTG,295.95,T,,M,2.49,N,4.6,K,D*07
$GPGGA,235242.000,4349.9108,N,14355.7174,E,2,07,1.3,55.4,M,27.9,M,0.8,0000*4D
$GPRMC,235242.000,A,4349.9108,N,14355.7174,E,2.43,301.26,150616,,,D*64
$GPVTG,301.26,T,,M,2.43,N,4.5,K,D*0A
$GPGGA,235243.000,4349.9113,N,14355.7167,E,2,07,1.3,55.6,M,27.9,M,0.8,0000*46
$GPRMC,235243.000,A,4349.9113,N,14355.7167,E,2.43,310.47,150616,,,D*6A
$GPVTG,310.47,T,,M,2.43,N,4.5,K,D*0D
$GPGGA,235244.000,4349.9117,N,14355.7159,E,2,08,1.2,55.7,M,27.9,M,1.8,0000*46
$GPGSA,A,3,14,26,25,29,12,22,31,03,,,,,2.0,1.2,1.6*3B
$GPGSV,3,1,12,09,75,064,,14,66,205,42,31,58,308,46,30,57,053,21*77
$GPGSV,3,2,12,25,51,050,45,29,51,112,46,17,45,089,,26,26,243,36*75
$GPGSV,3,3,12,08,24,293,,12,15,054,44,22,13,290,36,03,10,314,31*70
$GPRMC,235244.000,A,4349.9117,N,14355.7159,E,2.50,311.28,150616,,,D*6E
$GPVTG,311.28,T,,M,2.50,N,4.6,K,D*04
$GPGGA,235245.000,4349.9121,N,14355.7151,E,2,08,1.2,55.6,M,27.9,M,2.8,0000*48
$GPRMC,235245.000,A,4349.9121,N,14355.7151,E,2.55,308.49,150616,,,D*68
$GPVTG,308.49,T,,M,2.55,N,4.7,K,D*0F
$GPGGA,235246.000,4349.9126,N,14355.7143,E,2,08,1.2,55.6,M,27.9,M,3.8,0000*4E
$GPRMC,235246.000,A,4349.9126,N,14355.7143,E,2.59,305.71,150616,,,D*65
$GPVTG,305.71,T,,M,2.59,N,4.8,K,D*0A
$GPGGA,235247.000,4349.9129,N,14355.7135,E,2,08,1.2,55.5,M,27.9,M,0.8,0000*41
$GPRMC,235247.000,A,4349.9129,N,14355.7135,E,2.51,305.83,150616,,,D*6F
$GPVTG,305.83,T,,M,2.51,N,4.7,K,D*00
$GPGGA,235248.000,4349.9133,N,14355.7127,E,2,08,1.2,55.4,M,27.9,M,0.8,0000*47
$GPRMC,235248.000,A,4349.9133,N,14355.7127,E,2.54,308.62,150616,,,D*6F
$GPVTG,308.62,T,,M,2.54,N,4.7,K,D*07
$GPGGA,235249.000,4349.9137,N,14355.7119,E,2,08,1.2,55.5,M,27.9,M,0.8,0000*4E
$GPGSA,A,3,14,26,25,29,12,22,31,03,,,,,2.0,1.2,1.6*3B
$GPGSV,3,1,12,09,75,064,,14,66,205,43,31,58,308,46,30,57,053,22*75
$GPGSV,3,2,12,25,51,050,46,29,51,112,47,17,45,089,,26,26,243,29*79
$GPGSV,3,3,12,08,24,293,,12,15,054,44,22,13,290,37,03,10,314,31*71
$GPRMC,235249.000,A,4349.9137,N,14355.7119,E,2.56,306.57,150616,,,D*6D
$GPVTG,306.57,T,,M,2.56,N,4.7,K,D*0D
$GPGGA,235250.000,4349.9141,N,14355.7113,E,2,08,1.2,55.7,M,27.9,M,1.8,0000*4E
$GPRMC,235250.000,A,4349.9141,N,14355.7113,E,2.36,313.49,150616,,,D*63
$GPVTG,313.49,T,,M,2.36,N,4.4,K,D*03
$GPGGA,235251.000,4349.9146,N,14355.7107,E,2,07,1.6,55.7,M,27.9,M,2.8,0000*45
$GPRMC,235251.000,A,4349.9146,N,14355.7107,E,2.32,315.49,150616,,,D*62
$GPVTG,315.49,T,,M,2.32,N,4.3,K,D*06
$GPGGA,235252.000,4349.9150,N,14355.7100,E,2,07,1.6,55.8,M,27.9,M,3.8,0000*48
$GPRMC,235252.000,A,4349.9150,N,14355.7100,E,2.42,307.22,150616,,,D*68
$GPVTG,307.22,T,,M,2.42,N,4.5,K,D*09
$GPGGA,235253.000,4349.9154,N,14355.7093,E,2,08,1.2,55.6,M,27.9,M,0.8,0000*40
$GPRMC,235253.000,A,4349.9154,N,14355.7093,E,2.32,308.55,150616,,,D*6E
$GPVTG,308.55,T,,M,2.32,N,4.3,K,D*07
$GPGGA,235254.000,4349.9157,N,14355.7087,E,2,08,1.2,55.5,M,27.9,M,0.8,0000*42
$GPGSA,A,3,14,25,29,12,22,31,26,03,,,,,2.0,1.2,1.6*3B
$GPGSV,3,1,12,09,75,064,,14,66,205,43,31,58,308,42,30,57,053,23*70
$GPGSV,3,2,12,25,51,050,45,29,51,112,47,17,45,089,,26,26,243,30*72
$GPGSV,3,3,12,08,24,293,,12,15,054,43,22,13,290,31,03,10,314,35*74
$GPRMC,235254.000,A,4349.9157,N,14355.7087,E,0.00,308.55,150616,,,D*6C
$GPVTG,308.55,T,,M,0.00,N,0.0,K,D*03
$GPGGA,235255.000,4349.9158,N,14355.7085,E,2,08,1.2,55.5,M,27.9,M,0.8,0000*4E
$GPRMC,235255.000,A,4349.9158,N,14355.7085,E,0.00,308.55,150616,,,D*60
$GPVTG,308.55,T,,M,0.00,N,0.0,K,D*03
$GPGGA,235256.000,4349.9159,N,14355.7084,E,2,08,1.2,55.4,M,27.9,M,0.8,0000*4C
$GPRMC,235256.000,A,4349.9159,N,14355.7084,E,0.00,308.55,150616,,,D*63
$GPVTG,308.55,T,,M,0.00,N,0.0,K,D*03
$GPGGA,235257.000,4349.9158,N,14355.7084,E,2,08,1.2,55.3,M,27.9,M,1.8,0000*4A
$GPRMC,235257.000,A,4349.9158,N,14355.7084,E,0.00,308.55,150616,,,D*63
$GPVTG,308.55,T,,M,0.00,N,0.0,K,D*03
$GPGGA,235258.000,4349.9158,N,14355.7084,E,2,08,1.2,55.2,M,27.9,M,0.8,0000*45
$GPRMC,235258.000,A,4349.9158,N,14355.7084,E,0.00,308.55,150616,,,D*6C
$GPVTG,308.55,T,,M,0.00,N,0.0,K,D*03
$GPGGA,235259.000,4349.9157,N,14355.7085,E,2,08,1.2,55.1,M,27.9,M,0.8,0000*49
$GPGSA,A,3,14,25,29,12,22,31,26,03,,,,,2.0,1.2,1.6*3B
$GPGSV,3,1,12,09,75,064,,14,66,205,43,31,58,308,43,30,57,053,24*76
$GPGSV,3,2,12,25,51,050,42,29,51,112,46,17,45,089,,26,26,243,32*76
$GPGSV,3,3,12,08,24,293,,12,15,054,43,22,13,290,31,03,10,314,38*79
$GPRMC,235259.000,A,4349.9157,N,14355.7085,E,0.00,308.55,150616,,,D*63
$GPVTG,308.55,T,,M,0.00,N,0.0,K,D*03
$GPGGA,235300.000,4349.9157,N,14355.7085,E,2,08,1.2,55.0,M,27.9,M,0.8,0000*45
$GPRMC,235300.000,A,4349.9157,N,14355.7085,E,0.00,308.55,150616,,,D*6E
$GPVTG,308.55,T,,M,0.00,N,0.0,K,D*03
$GPGGA,235301.000,4349.9157,N,14355.7085,E,2,08,1.2,54.9,M,27.9,M,0.8,0000*4C
$GPRMC,235301.000,A,4349.9157,N,14355.7085,E,0.00,308.55,150616,,,D*6F
$GPVTG,308.55,T,,M,0.00,N,0.0,K,D*03
$GPGGA,235302.000,4349.9157,N,14355.7085,E,2,08,1.2,54.8,M,27.9,M,1.8,0000*4F
$GPRMC,235302.000,A,4349.9157,N,14355.7085,E,0.00,308.55,150616,,,D*6C
$GPVTG,308.55,T,,M,0.00,N,0.0,K,D*03
$GPGGA,235303.000,4349.9156,N,14355.7086,E,2,08,1.2,54.6,M,27.9,M,2.8,0000*41
$GPRMC,235303.000,A,4349.9156,N,14355.7086,E,0.00,308.55,150616,,,D*6F
$GPVTG,308.55,T,,M,0.00,N,0.0,K,D*03
$GPGGA,235304.000,4349.9155,N,14355.7086,E,2,08,1.2,54.5,M,27.9,M,0.8,0000*44
$GPGSA,A,3,14,25,29,12,22,31,26,03,,,,,2.0,1.2,1.6*3B
$GPGSV,3,1,12,09,75,064,,14,66,205,43,31,58,308,44,30,57,053,24*71
$GPGSV,3,2,12,25,51,050,39,29,51,112,43,17,45,089,,26,26,243,33*7E
$GPGSV,3,3,12,08,24,293,,12,15,054,42,22,13,290,31,03,10,314,39*79
$GPRMC,235304.000,A,4349.9155,N,14355.7086,E,0.00,308.55,150616,,,D*6B
$GPVTG,308.55,T,,M,0.00,N,0.0,K,D*03
$GPGGA,235305.000,4349.9155,N,14355.7086,E,2,08,1.2,54.3,M,27.9,M,0.8,0000*43
$GPRMC,235305.000,A,4349.9155,N,14355.7086,E,0.00,308.55,150616,,,D*6A
$GPVTG,308.55,T,,M,0.00,N,0.0,K,D*03
$GPGGA,235306.000,4349.9154,N,14355.7087,E,2,08,1.2,54.2,M,27.9,M,0.8,0000*41
$GPRMC,235306.000,A,4349.9154,N,14355.7087,E,0.00,308.55,150616,,,D*69
$GPVTG,308.55,T,,M,0.00,N,0.0,K,D*03
$GPGGA,235307.000,4349.9154,N,14355.7087,E,2,08,1.2,54.0,M,27.9,M,0.8,0000*42
$GPRMC,235307.000,A,4349.9154,N,14355.7087,E,0.00,308.55,150616,,,D*68
$GPVTG,308.55,T,,M,0.00,N,0.0,K,D*03
$GPGGA,235308.000,4349.9153,N,14355.7087,E,2,08,1.2,53.9,M,27.9,M,1.8,0000*45
$GPRMC,235308.000,A,4349.9153,N,14355.7087,E,0.00,308.55,150616,,,D*60
$GPVTG,308.55,T,,M,0.00,N,0.0,K,D*03
$GPGGA,235309.000,4349.9153,N,14355.7088,E,2,08,1.2,53.8,M,27.9,M,2.8,0000*49
$GPGSA,A,3,14,25,29,12,22,31,26,03,,,,,2.0,1.2,1.6*3B
$GPGSV,3,1,12,09,75,064,,14,66,205,43,31,58,309,44,30,57,053,24*70
$GPGSV,3,2,12,29,51,111,42,25,50,050,39,17,45,089,,26,26,243,33*7D
$GPGSV,3,3,12,08,25,293,,12,14,054,42,22,13,290,31,03,10,314,39*79
$GPRMC,235309.000,A,4349.9153,N,14355.7088,E,0.00,308.55,150616,,,D*6E
$GPVTG,308.55,T,,M,0.00,N,0.0,K,D*03
$GPGGA,235310.000,4349.9152,N,14355.7088,E,2,08,1.2,53.6,M,27.9,M,0.8,0000*4C
$GPRMC,235310.000,A,4349.9152,N,14355.7088,E,0.00,308.55,150616,,,D*67
$GPVTG,308.55,T,,M,0.00,N,0.0,K,D*03
$GPGGA,235311.000,4349.9152,N,14355.7088,E,2,08,1.2,53.5,M,27.9,M,0.8,0000*4E
$GPRMC,235311.000,A,4349.9152,N,14355.7088,E,0.00,308.55,150616,,,D*66
$GPVTG,308.55,T,,M,0.00,N,0.0,K,D*03
$GPGGA,235312.000,4349.9151,N,14355.7089,E,2,08,1.2,53.5,M,27.9,M,0.8,0000*4F
$GPRMC,235312.000,A,4349.9151,N,14355.7089,E,0.00,308.55,150616,,,D*67
$GPVTG,308.55,T,,M,0.00,N,0.0,K,D*03
$GPGGA,235313.000,4349.9152,N,14355.7090,E,2,08,1.2,53.3,M,27.9,M,0.8,0000*43
$GPRMC,235313.000,A,4349.9152,N,14355.7090,E,0.00,308.55,150616,,,D*6D
$GPVTG,308.55,T,,M,0.00,N,0.0,K,D*03
$GPGGA,235314.000,4349.9155,N,14355.7093,E,2,08,1.2,53.2,M,27.9,M,1.8,0000*40
$GPGSA,A,3,14,25,29,12,22,31,26,03,,,,,2.0,1.2,1.6*3B
$GPGSV,3,1,12,09,75,065,,14,66,205,44,31,58,309,44,30,57,053,24*76
$GPGSV,3,2,12,29,51,111,43,25,50,050,46,17,45,089,,26,26,243,34*73
$GPGSV,3,3,12,08,25,293,,12,14,054,42,22,13,290,41,03,10,314,36*71
$GPRMC,235314.000,A,4349.9155,N,14355.7093,E,0.00,308.55,150616,,,D*6E
$GPVTG,308.55,T,,M,0.00,N,0.0,K,D*03
$GPGGA,235315.000,4349.9160,N,14355.7098,E,2,08,1.2,53.1,M,27.9,M,2.8,0000*4C
$GPRMC,235315.000,A,4349.9160,N,14355.7098,E,2.05,28.48,150616,,,D*58
$GPVTG,28.48,T,,M,2.05,N,3.8,K,D*32
$GPGGA,235316.000,4349.9166,N,14355.7103,E,2,08,1.2,53.1,M,27.9,M,3.8,0000*4B
$GPRMC,235316.000,A,4349.9166,N,14355.7103,E,2.41,32.38,150616,,,D*52
$GPVTG,32.38,T,,M,2.41,N,4.5,K,D*34
$GPGGA,235317.000,4349.9172,N,14355.7108,E,2,08,1.2,53.1,M,27.9,M,0.8,0000*47
$GPRMC,235317.000,A,4349.9172,N,14355.7108,E,2.51,28.66,150616,,,D*5C
$GPVTG,28.66,T,,M,2.51,N,4.6,K,D*36
$GPGGA,235318.000,4349.9178,N,14355.7112,E,2,08,1.2,53.2,M,27.9,M,0.8,0000*4A
$GPRMC,235318.000,A,4349.9178,N,14355.7112,E,2.56,27.51,150616,,,D*5E
$GPVTG,27.51,T,,M,2.56,N,4.7,K,D*3B
$GPGGA,235319.000,4349.9184,N,14355.7118,E,2,08,1.2,53.1,M,27.9,M,0.8,0000*41
$GPGSA,A,3,14,25,29,12,22,31,26,03,,,,,2.0,1.2,1.6*3B
$GPGSV,3,1,12,09,75,065,,14,66,205,44,31,58,309,44,30,57,053,24*76
$GPGSV,3,2,12,29,51,111,47,25,50,050,47,17,45,089,,26,26,243,33*71
$GPGSV,3,3,12,08,25,293,,12,14,054,42,22,13,290,39,03,10,314,35*7D
$GPRMC,235319.000,A,4349.9184,N,14355.7118,E,2.56,33.67,150616,,,D*56
$GPVTG,33.67,T,,M,2.56,N,4.7,K,D*3B
$GPGGA,235320.000,4349.9190,N,14355.7123,E,2,08,1.2,53.0,M,27.9,M,1.8,0000*46
$GPRMC,235320.000,A,4349.9190,N,14355.7123,E,2.50,32.48,150616,,,D*5B
$GPVTG,32.48,T,,M,2.50,N,4.6,K,D*30
$GPGGA,235321.000,4349.9195,N,14355.7129,E,2,08,1.2,52.9,M,27.9,M,2.8,0000*43
$GPRMC,235321.000,A,4349.9195,N,14355.7129,E,2.51,37.99,150616,,,D*5D
$GPVTG,37.99,T,,M,2.51,N,4.6,K,D*38
$GPGGA,235322.000,4349.9200,N,14355.7135,E,2,08,1.2,52.8,M,27.9,M,3.8,0000*42
$GPRMC,235322.000,A,4349.9200,N,14355.7135,E,2.41,43.29,150616,,,D*55
$GPVTG,43.29,T,,M,2.41,N,4.5,K,D*32
$GPGGA,235323.000,4349.9205,N,14355.7142,E,2,08,1.2,52.8,M,27.9,M,0.8,0000*45
$GPRMC,235323.000,A,4349.9205,N,14355.7142,E,2.38,39.61,150616,,,D*5E
$GPVTG,39.61,T,,M,2.38,N,4.4,K,D*3C
$GPGGA,235324.000,4349.9210,N,14355.7148,E,2,08,1.2,52.7,M,27.9,M,0.8,0000*43
$GPGSA,A,3,14,25,29,12,22,31,26,03,,,,,2.0,1.2,1.6*3B
$GPGSV,3,1,12,09,75,065,,14,66,205,44,31,58,309,44,30,57,053,24*76
$GPGSV,3,2,12,29,51,111,46,25,50,050,42,17,45,089,,26,26,243,34*72
$GPGSV,3,3,12,08,25,293,,12,14,054,41,22,13,290,39,03,10,314,39*72
$GPRMC,235324.000,A,4349.9210,N,14355.7148,E,2.49,37.06,150616,,,D*5E
$GPVTG,37.06,T,,M,2.49,N,4.6,K,D*37
$GPGGA,235325.000,4349.9217,N,14355.7155,E,2,08,1.2,52.6,M,27.9,M,0.8,0000*48
$GPRMC,235325.000,A,4349.9217,N,14355.7155,E,2.62,35.93,150616,,,D*53
$GPVTG,35.93,T,,M,2.62,N,4.9,K,D*3F
$GPGGA,235326.000,4349.9223,N,14355.7161,E,2,08,1.2,52.5,M,27.9,M,0.8,0000*48
$GPRMC,235326.000,A,4349.9223,N,14355.7161,E,2.74,35.59,150616,,,D*51
$GPVTG,35.59,T,,M,2.74,N,5.1,K,D*37
$GPGGA,235327.000,4349.9229,N,14355.7167,E,2,08,1.2,52.4,M,27.9,M,0.8,0000*44
$GPRMC,235327.000,A,4349.9229,N,14355.7167,E,2.74,30.58,150616,,,D*58
$GPVTG,30.58,T,,M,2.74,N,5.1,K,D*33
$GPGGA,235328.000,4349.9235,N,14355.7172,E,2,08,1.2,52.3,M,27.9,M,1.8,0000*44
$GPRMC,235328.000,A,4349.9235,N,14355.7172,E,2.66,30.77,150616,,,D*50
$GPVTG,30.77,T,,M,2.66,N,4.9,K,D*34
$GPGGA,235329.000,4349.9242,N,14355.7177,E,2,08,1.2,52.2,M,27.9,M,0.8,0000*40
$GPGSA,A,3,14,25,29,12,22,31,26,03,,,,,2.0,1.2,1.6*3B
$GPGSV,3,1,12,09,75,065,,14,66,205,44,31,58,309,44,30,57,053,24*76
$GPGSV,3,2,12,29,51,111,45,25,50,050,43,17,45,089,,26,26,243,39*7D
$GPGSV,3,3,12,08,25,293,,12,14,054,40,22,13,290,41,03,10,314,38*7D
$GPRMC,235329.000,A,4349.9242,N,14355.7177,E,2.64,27.11,150616,,,D*50
$GPVTG,27.11,T,,M,2.64,N,4.9,K,D*30
$GPGGA,235330.000,4349.9248,N,14355.7182,E,2,08,1.2,52.1,M,27.9,M,0.8,0000*4B
$GPRMC,235330.000,A,4349.9248,N,14355.7182,E,2.62,30.05,150616,,,D*5D
$GPVTG,30.05,T,,M,2.62,N,4.8,K,D*34
$GPGGA,235331.000,4349.9254,N,14355.7188,E,2,08,1.2,52.1,M,27.9,M,0.8,0000*4D
$GPRMC,235331.000,A,4349.9254,N,14355.7188,E,2.60,32.74,150616,,,D*5D
$GPVTG,32.74,T,,M,2.60,N,4.8,K,D*32
$GPGGA,235332.000,4349.9260,N,14355.7194,E,2,08,1.2,52.0,M,27.9,M,1.8,0000*44
$GPRMC,235332.000,A,4349.9260,N,14355.7194,E,2.65,33.52,150616,,,D*54
$GPVTG,33.52,T,,M,2.65,N,4.9,K,D*33
$GPGGA,235333.000,4349.9266,N,14355.7200,E,2,08,1.2,52.0,M,27.9,M,2.8,0000*4E
$GPRMC,235333.000,A,4349.9266,N,14355.7200,E,2.65,39.98,150616,,,D*51
$GPVTG,39.98,T,,M,2.65,N,4.9,K,D*3F
$GPGGA,235334.000,4349.9272,N,14355.7207,E,2,08,1.2,52.0,M,27.9,M,3.8,0000*4A
$GPGSA,A,3,14,25,29,12,22,31,26,03,,,,,2.0,1.2,1.6*3B
$GPGSV,3,1,12,09,75,065,,14,66,205,44,31,58,309,45,30,57,053,24*77
$GPGSV,3,2,12,29,51,111,45,25,50,050,43,17,45,089,,26,26,243,45*76
$GPGSV,3,3,12,08,25,293,,12,14,054,35,22,13,290,38,03,10,314,39*70
$GPRMC,235334.000,A,4349.9272,N,14355.7207,E,2.67,39.30,150616,,,D*54
$GPVTG,39.30,T,,M,2.67,N,4.9,K,D*3F
$GPGGA,235335.000,4349.9277,N,14355.7213,E,2,08,1.2,52.0,M,27.9,M,0.8,0000*48
$GPRMC,235335.000,A,4349.9277,N,14355.7213,E,2.69,36.40,150616,,,D*53
$GPVTG,36.40,T,,M,2.69,N,5.0,K,D*31
$GPGGA,235336.000,4349.9283,N,14355.7220,E,2,08,1.2,51.9,M,27.9,M,0.8,0000*4A
$GPRMC,235336.000,A,4349.9283,N,14355.7220,E,2.74,39.58,150616,,,D*51
$GPVTG,39.58,T,,M,2.74,N,5.1,K,D*3A
$GPGGA,235337.000,4349.9289,N,14355.7227,E,2,08,1.2,51.7,M,27.9,M,0.8,0000*48
$GPRMC,235337.000,A,4349.9289,N,14355.7227,E,2.76,36.64,150616,,,D*5F
$GPVTG,36.64,T,,M,2.76,N,5.1,K,D*38
$GPGGA,235338.000,4349.9295,N,14355.7233,E,2,08,1.2,51.6,M,27.9,M,1.8,0000*4F
$GPRMC,235338.000,A,4349.9295,N,14355.7233,E,2.72,33.78,150616,,,D*54
$GPVTG,33.78,T,,M,2.72,N,5.0,K,D*35
$GPGGA,235339.000,4349.9302,N,14355.7239,E,2,08,1.2,51.5,M,27.9,M,2.8,0000*4B
$GPGSA,A,3,14,25,29,12,22,31,26,03,,,,,2.0,1.2,1.6*3B
$GPGSV,3,1,12,09,75,065,,14,66,205,44,31,58,309,45,29,51,111,46*7A
$GPGSV,3,2,12,25,50,050,44,17,45,089,,26,26,243,45,08,25,293,*79
$GPGSV,3,3,12,12,14,054,37,22,13,290,40,03,10,314,38,02,04,050,*78
$GPRMC,235339.000,A,4349.9302,N,14355.7239,E,2.76,34.14,150616,,,D*59
$GPVTG,34.14,T,,M,2.76,N,5.1,K,D*3D
$GPGGA,235340.000,4349.9308,N,14355.7245,E,2,08,1.2,51.4,M,27.9,M,3.8,0000*44
$GPRMC,235340.000,A,4349.9308,N,14355.7245,E,2.74,32.03,150616,,,D*54
$GPVTG,32.03,T,,M,2.74,N,5.1,K,D*3F
$GPGGA,235341.000,4349.9315,N,14355.7250,E,2,08,1.2,51.4,M,27.9,M,0.8,0000*4E
$GPRMC,235341.000,A,4349.9315,N,14355.7250,E,2.68,34.87,150616,,,D*5A
$GPVTG,34.87,T,,M,2.68,N,5.0,K,D*39
$GPGGA,235342.000,4349.9321,N,14355.7256,E,2,08,1.2,51.5,M,27.9,M,0.8,0000*4D
$GPRMC,235342.000,A,4349.9321,N,14355.7256,E,2.73,38.04,150616,,,D*55
$GPVTG,38.04,T,,M,2.73,N,5.1,K,D*35
$GPGGA,235343.000,4349.9327,N,14355.7262,E,2,08,1.2,51.6,M,27.9,M,0.8,0000*4E
$GPRMC,235343.000,A,4349.9327,N,14355.7262,E,2.73,35.98,150616,,,D*5D
$GPVTG,35.98,T,,M,2.73,N,5.1,K,D*3D
$GPGGA,235344.000,4349.9333,N,14355.7268,E,2,08,1.2,51.7,M,27.9,M,1.8,0000*46
$GPGSA,A,3,14,25,29,12,22,31,26,03,,,,,2.0,1.2,1.6*3B
$GPGSV,3,1,12,09,75,065,,14,66,205,45,31,58,309,45,29,51,111,46*7B
$GPGSV,3,2,12,25,50,050,43,17,45,089,,26,26,243,44,12,14,054,32*7E
$GPGSV,3,3,12,22,13,290,40,03,10,314,39,02,04,050,,42,39,178,40*7C
$GPRMC,235344.000,A,4349.9333,N,14355.7268,E,2.67,39.02,150616,,,D*5F
$GPVTG,39.02,T,,M,2.67,N,4.9,K,D*3E
$GPGGA,235345.000,4349.9339,N,14355.7274,E,2,08,1.2,51.8,M,27.9,M,2.8,0000*4C
$GPRMC,235345.000,A,4349.9339,N,14355.7274,E,2.66,35.39,150616,,,D*5C
$GPVTG,35.39,T,,M,2.66,N,4.9,K,D*3B
$GPGGA,235346.000,4349.9346,N,14355.7280,E,2,08,1.2,51.8,M,27.9,M,3.8,0000*4D
$GPRMC,235346.000,A,4349.9346,N,14355.7280,E,2.68,36.97,150616,,,D*55
$GPVTG,36.97,T,,M,2.68,N,5.0,K,D*3A
$GPGGA,235347.000,4349.9352,N,14355.7286,E,2,08,1.2,51.8,M,27.9,M,0.8,0000*4C
$GPRMC,235347.000,A,4349.9352,N,14355.7286,E,2.67,35.35,150616,,,D*53
$GPVTG,35.35,T,,M,2.67,N,4.9,K,D*36
$GPGGA,235348.000,4349.9358,N,14355.7292,E,2,08,1.2,51.7,M,27.9,M,0.8,0000*43
$GPRMC,235348.000,A,4349.9358,N,14355.7292,E,2.60,36.97,150616,,,D*5F
$GPVTG,36.97,T,,M,2.60,N,4.8,K,D*3B
$GPGGA,235349.000,4349.9363,N,14355.7297,E,2,08,1.2,51.8,M,27.9,M,0.8,0000*40
$GPGSA,A,3,14,25,29,12,22,31,26,03,,,,,2.0,1.2,1.6*3B
$GPGSV,3,1,12,09,75,065,,14,66,205,45,31,58,309,44,29,51,111,46*7A
$GPGSV,3,2,12,25,50,050,44,17,45,089,,26,26,243,43,12,14,054,24*79
$GPGSV,3,3,12,22,13,290,41,03,10,314,39,02,04,050,,42,39,178,40*7D
$GPRMC,235349.000,A,4349.9363,N,14355.7297,E,2.58,39.08,150616,,,D*51
$GPVTG,39.08,T,,M,2.58,N,4.8,K,D*39
$GPGGA,235350.000,4349.9369,N,14355.7303,E,2,08,1.2,51.8,M,27.9,M,1.8,0000*4F
$GPRMC,235350.000,A,4349.9369,N,14355.7303,E,2.62,39.95,150616,,,D*52
$GPVTG,39.95,T,,M,2.62,N,4.9,K,D*35
$GPGGA,235351.000,4349.9375,N,14355.7309,E,2,08,1.2,52.0,M,27.9,M,2.8,0000*41
$GPRMC,235351.000,A,4349.9375,N,14355.7309,E,2.50,39.03,150616,,,D*5A
$GPVTG,39.03,T,,M,2.50,N,4.6,K,D*34
$GPGGA,235352.000,4349.9380,N,14355.7314,E,2,08,1.2,52.0,M,27.9,M,0.8,0000*46
$GPRMC,235352.000,A,4349.9380,N,14355.7314,E,2.36,37.49,150616,,,D*5F
$GPVTG,37.49,T,,M,2.36,N,4.4,K,D*36
$GPGGA,235353.000,4349.9385,N,14355.7319,E,2,08,1.2,52.3,M,27.9,M,0.8,0000*4C
$GPRMC,235353.000,A,4349.9385,N,14355.7319,E,2.15,38.01,150616,,,D*54
$GPVTG,38.01,T,,M,2.15,N,4.0,K,D*30
$GPGGA,235354.000,4349.9388,N,14355.7322,E,2,08,1.2,52.6,M,27.9,M,0.8,0000*4B
$GPGSA,A,3,14,25,29,12,22,31,26,03,,,,,2.0,1.2,1.6*3B
$GPGSV,3,1,12,09,75,065,,14,66,205,44,31,58,309,45,29,51,111,46*7A
$GPGSV,3,2,12,25,50,050,44,17,45,089,,26,26,243,43,12,14,054,25*78
$GPGSV,3,3,12,22,13,290,36,03,10,314,36,02,04,050,25,42,39,178,40*75
$GPRMC,235354.000,A,4349.9388,N,14355.7322,E,0.00,38.01,150616,,,D*50
$GPVTG,38.01,T,,M,0.00,N,0.0,K,D*32
$GPGGA,235355.000,4349.9389,N,14355.7324,E,2,08,1.2,52.8,M,27.9,M,0.8,0000*43
$GPRMC,235355.000,A,4349.9389,N,14355.7324,E,0.00,38.01,150616,,,D*56
$GPVTG,38.01,T,,M,0.00,N,0.0,K,D*32
$GPGGA,235356.000,4349.9388,N,14355.7324,E,2,08,1.2,52.9,M,27.9,M,1.8,0000*41
$GPRMC,235356.000,A,4349.9388,N,14355.7324,E,0.00,38.01,150616,,,D*54
$GPVTG,38.01,T,,M,0.00,N,0.0,K,D*32
$GPGGA,235357.000,4349.9388,N,14355.7323,E,2,08,1.2,53.0,M,27.9,M,2.8,0000*4C
$GPRMC,235357.000,A,4349.9388,N,14355.7323,E,0.00,38.01,150616,,,D*52
$GPVTG,38.01,T,,M,0.00,N,0.0,K,D*32
$GPGGA,235358.000,4349.9388,N,14355.7323,E,2,08,1.2,53.0,M,27.9,M,3.8,0000*42
$GPRMC,235358.000,A,4349.9388,N,14355.7323,E,0.00,38.01,150616,,,D*5D
$GPVTG,38.01,T,,M,0.00,N,0.0,K,D*32
$GPGGA,235359.000,4349.9387,N,14355.7323,E,2,08,1.2,53.0,M,27.9,M,0.8,0000*4F
$GPGSA,A,3,14,25,29,12,22,31,26,03,,,,,2.0,1.2,1.6*3B
$GPGSV,3,1,12,09,75,065,,14,66,205,43,31,58,309,45,29,51,111,47*7C
$GPGSV,3,2,12,25,50,050,46,17,45,089,,26,26,243,39,12,14,054,26*74
$GPGSV,3,3,12,22,13,290,44,03,10,314,41,02,04,050,,42,39,178,38*78
$GPRMC,235359.000,A,4349.9387,N,14355.7323,E,0.00,38.01,150616,,,D*53
$GPVTG,38.01,T,,M,0.00,N,0.0,K,D*32
$GPGGA,235400.000,4349.9387,N,14355.7323,E,2,08,1.2,53.0,M,27.9,M,0.8,0000*44
$GPRMC,235400.000,A,4349.9387,N,14355.7323,E,0.00,38.01,150616,,,D*58
$GPVTG,38.01,T,,M,0.00,N,0.0,K,D*32
$GPGGA,235401.000,4349.9387,N,14355.7323,E,2,08,1.2,52.9,M,27.9,M,1.8,0000*4C
$GPRMC,235401.000,A,4349.9387,N,14355.7323,E,0.00,38.01,150616,,,D*59
$GPVTG,38.01,T,,M,0.00,N,0.0,K,D*32
$GPGGA,235402.000,4349.9386,N,14355.7324,E,2,08,1.2,52.8,M,27.9,M,2.8,0000*4B
$GPRMC,235402.000,A,4349.9386,N,14355.7324,E,0.00,38.01,150616,,,D*5C
$GPVTG,38.01,T,,M,0.00,N,0.0,K,D*32
$GPGGA,235403.000,4349.9383,N,14355.7328,E,2,08,1.2,52.7,M,27.9,M,3.8,0000*4D
$GPRMC,235403.000,A,4349.9383,N,14355.7328,E,1.42,130.18,150616,,,D*62
$GPVTG,130.18,T,,M,1.42,N,2.6,K,D*00
$GPGGA,235404.000,4349.9379,N,14355.7335,E,2,08,1.2,52.6,M,27.9,M,0.8,0000*41
$GPGSA,A,3,14,25,29,12,22,31,26,03,,,,,2.0,1.2,1.6*3B
$GPGSV,3,1,12,09,75,065,,14,66,205,43,31,58,309,46,29,51,111,47*7F
$GPGSV,3,2,12,25,50,050,46,17,45,089,,26,26,243,43,12,14,054,26*79
$GPGSV,3,3,12,22,13,290,39,03,10,314,41,02,04,050,21,42,39,178,39*70
$GPRMC,235404.000,A,4349.9379,N,14355.7335,E,2.32,126.20,150616,,,D*64
$GPVTG,126.20,T,,M,2.32,N,4.3,K,D*0B
$GPGGA,235405.000,4349.9375,N,14355.7343,E,2,08,1.2,52.5,M,27.9,M,0.8,0000*4E
$GPRMC,235405.000,A,4349.9375,N,14355.7343,E,2.56,124.70,150616,,,D*6D
$GPVTG,124.70,T,,M,2.56,N,4.7,K,D*0A
$GPGGA,235406.000,4349.9371,N,14355.7351,E,2,08,1.2,52.5,M,27.9,M,0.8,0000*4A
$GPRMC,235406.000,A,4349.9371,N,14355.7351,E,2.61,120.41,150616,,,D*6B
$GPVTG,120.41,T,,M,2.61,N,4.8,K,D*07
$GPGGA,235407.000,4349.9368,N,14355.7359,E,2,08,1.2,52.5,M,27.9,M,0.8,0000*4B
$GPRMC,235407.000,A,4349.9368,N,14355.7359,E,2.56,117.79,150616,,,D*61
$GPVTG,117.79,T,,M,2.56,N,4.7,K,D*03
$GPGGA,235408.000,4349.9365,N,14355.7367,E,2,08,1.2,52.5,M,27.9,M,0.8,0000*44
$GPRMC,235408.000,A,4349.9365,N,14355.7367,E,2.39,117.16,150616,,,D*6E
$GPVTG,117.16,T,,M,2.39,N,4.4,K,D*00
$GPGGA,235409.000,4349.9361,N,14355.7374,E,2,08,1.2,52.6,M,27.9,M,1.8,0000*41
$GPGSA,A,3,14,25,29,12,22,31,26,03,,,,,2.0,1.2,1.6*3B
$GPGSV,3,1,12,09,74,066,,14,66,204,43,31,58,309,46,29,51,111,46*7D
$GPGSV,3,2,12,25,50,050,45,17,45,088,,26,26,243,43,12,14,054,33*7F
$GPGSV,3,3,12,22,13,290,43,03,10,313,35,02,05,050,27,42,39,178,37*70
$GPRMC,235409.000,A,4349.9361,N,14355.7374,E,2.34,121.67,150616,,,D*67
$GPVTG,121.67,T,,M,2.34,N,4.3,K,D*09
$GPGGA,235410.000,4349.9358,N,14355.7381,E,2,08,1.2,52.6,M,27.9,M,2.8,0000*4A
$GPRMC,235410.000,A,4349.9358,N,14355.7381,E,2.25,122.33,150616,,,D*6D
$GPVTG,122.33,T,,M,2.25,N,4.2,K,D*0A
$GPGGA,235411.000,4349.9355,N,14355.7387,E,2,08,1.2,52.6,M,27.9,M,3.8,0000*41
$GPRMC,235411.000,A,4349.9355,N,14355.7387,E,0.00,122.33,150616,,,D*62
$GPVTG,122.33,T,,M,0.00,N,0.0,K,D*09
$GPGGA,235412.000,4349.9354,N,14355.7390,E,2,08,1.2,52.7,M,27.9,M,4.8,0000*43
$GPRMC,235412.000,A,4349.9354,N,14355.7390,E,0.00,122.33,150616,,,D*66
$GPVTG,122.33,T,,M,0.00,N,0.0,K,D*09
$GPGGA,235413.000,4349.9353,N,14355.7391,E,2,08,1.2,52.7,M,27.9,M,0.8,0000*40
$GPRMC,235413.000,A,4349.9353,N,14355.7391,E,0.00,122.33,150616,,,D*61
$GPVTG,122.33,T,,M,0.00,N,0.0,K,D*09
$GPGGA,235414.000,4349.9352,N,14355.7391,E,2,08,1.2,52.7,M,27.9,M,1.8,0000*47
$GPGSA,A,3,14,25,29,12,22,31,26,03,,,,,2.0,1.2,1.6*3B
$GPGSV,3,1,11,14,66,204,44,31,58,309,46,29,51,111,45,25,50,050,46*75
$GPGSV,3,2,11,17,45,088,,26,26,243,37,12,14,054,33,22,13,290,43*77
$GPGSV,3,3,11,03,10,313,36,02,05,050,26,42,39,178,30*48
$GPRMC,235414.000,A,4349.9352,N,14355.7391,E,0.00,122.33,150616,,,D*67
$GPVTG,122.33,T,,M,0.00,N,0.0,K,D*09
$GPGGA,235415.000,4349.9352,N,14355.7390,E,2,08,1.2,52.7,M,27.9,M,0.8,0000*46
$GPRMC,235415.000,A,4349.9352,N,14355.7390,E,0.00,122.33,150616,,,D*67
$GPVTG,122.33,T,,M,0.00,N,0.0,K,D*09
$GPGGA,235416.000,4349.9352,N,14355.7390,E,2,08,1.2,52.7,M,27.9,M,1.8,0000*44
$GPRMC,235416.000,A,4349.9352,N,14355.7390,E,0.00,122.33,150616,,,D*64
$GPVTG,122.33,T,,M,0.00,N,0.0,K,D*09
$GPGGA,235417.000,4349.9352,N,14355.7390,E,2,08,1.2,52.7,M,27.9,M,0.8,0000*44
$GPRMC,235417.000,A,4349.9352,N,14355.7390,E,0.00,122.33,150616,,,D*65
$GPVTG,122.33,T,,M,0.00,N,0.0,K,D*09
$GPGGA,235418.000,4349.9352,N,14355.7390,E,2,08,1.2,52.7,M,27.9,M,0.8,0000*4B
$GPRMC,235418.000,A,4349.9352,N,14355.7390,E,0.00,122.33,150616,,,D*6A
$GPVTG,122.33,T,,M,0.00,N,0.0,K,D*09
$GPGGA,235419.000,4349.9352,N,14355.7389,E,2,08,1.2,52.7,M,27.9,M,0.8,0000*42
$GPGSA,A,3,14,25,29,12,22,31,26,03,,,,,2.0,1.2,1.6*3B
$GPGSV,3,1,11,14,66,204,44,31,58,309,47,29,51,111,42,25,50,050,47*72
$GPGSV,3,2,11,17,45,088,,26,26,243,43,12,14,054,33,22,13,290,42*75
$GPGSV,3,3,11,03,10,313,39,02,05,050,21,42,39,178,29*48
$GPRMC,235419.000,A,4349.9352,N,14355.7389,E,0.00,122.33,150616,,,D*63
$GPVTG,122.33,T,,M,0.00,N,0.0,K,D*09
$GPGGA,235420.000,4349.9352,N,14355.7389,E,2,08,1.2,52.7,M,27.9,M,1.8,0000*49
$GPRMC,235420.000,A,4349.9352,N,14355.7389,E,0.00,122.33,150616,,,D*69
$GPVTG,122.33,T,,M,0.00,N,0.0,K,D*09
$GPGGA,235421.000,4349.9353,N,14355.7389,E,2,08,1.2,52.7,M,27.9,M,2.8,0000*4A
$GPRMC,235421.000,A,4349.9353,N,14355.7389,E,0.00,122.33,150616,,,D*69
$GPVTG,122.33,T,,M,0.00,N,0.0,K,D*09
$GPGGA,235422.000,4349.9353,N,14355.7388,E,2,08,1.2,52.7,M,27.9,M,3.8,0000*49
$GPRMC,235422.000,A,4349.9353,N,14355.7388,E,0.00,122.33,150616,,,D*6B
$GPVTG,122.33,T,,M,0.00,N,0.0,K,D*09
$GPGGA,235423.000,4349.9351,N,14355.7387,E,2,07,1.3,52.8,M,27.9,M,4.8,0000*43
$GPRMC,235423.000,A,4349.9351,N,14355.7387,E,0.00,122.33,150616,,,D*67
$GPVTG,122.33,T,,M,0.00,N,0.0,K,D*09
$GPGGA,235424.000,4349.9348,N,14355.7383,E,2,07,1.3,52.9,M,27.9,M,5.8,0000*48
$GPGSA,A,3,14,25,29,12,31,26,03,,,,,,2.1,1.3,1.6*3B
$GPGSV,3,1,11,14,66,204,44,31,59,309,47,29,51,111,42,25,50,050,47*73
$GPGSV,3,2,11,17,45,088,,26,26,243,43,12,14,054,32,22,13,290,*72
$GPGSV,3,3,11,03,10,313,31,02,05,050,27,42,39,178,30*4E
$GPRMC,235424.000,A,4349.9348,N,14355.7383,E,0.00,122.33,150616,,,D*6C
$GPVTG,122.33,T,,M,0.00,N,0.0,K,D*09
$GPGGA,235425.000,4349.9346,N,14355.7378,E,2,08,1.2,53.1,M,27.9,M,6.8,0000*47
$GPRMC,235425.000,A,4349.9346,N,14355.7378,E,0.00,122.33,150616,,,D*67
$GPVTG,122.33,T,,M,0.00,N,0.0,K,D*09
$GPGGA,235426.000,4349.9343,N,14355.7371,E,2,08,1.2,53.2,M,27.9,M,7.8,0000*4A
$GPRMC,235426.000,A,4349.9343,N,14355.7371,E,1.98,238.56,150616,,,D*63
$GPVTG,238.56,T,,M,1.98,N,3.7,K,D*06
$GPGGA,235427.000,4349.9339,N,14355.7364,E,2,08,1.2,53.2,M,27.9,M,8.8,0000*4D
$GPRMC,235427.000,A,4349.9339,N,14355.7364,E,2.23,228.25,150616,,,D*6D
$GPVTG,228.25,T,,M,2.23,N,4.1,K,D*01
$GPGGA,235428.000,4349.9334,N,14355.7358,E,2,08,1.3,53.1,M,27.9,M,9.8,0000*43
$GPRMC,235428.000,A,4349.9334,N,14355.7358,E,2.36,214.76,150616,,,D*6D
$GPVTG,214.76,T,,M,2.36,N,4.4,K,D*09
$GPGGA,235429.000,4349.9328,N,14355.7353,E,2,08,1.3,53.2,M,27.9,M,10.8,0000*7F
$GPGSA,A,3,14,25,29,12,22,31,26,03,,,,,2.0,1.3,1.6*3A
$GPGSV,3,1,11,14,66,204,44,31,59,309,46,29,51,111,33,25,50,050,46*75
$GPGSV,3,2,11,17,45,088,,26,26,243,43,12,14,054,26,22,13,290,41*72
$GPGSV,3,3,11,03,10,313,42,02,05,050,26,42,39,178,28*42
$GPRMC,235429.000,A,4349.9328,N,14355.7353,E,2.52,201.23,150616,,,D*6C
$GPVTG,201.23,T,,M,2.52,N,4.7,K,D*0C
$GPGGA,235430.000,4349.9321,N,14355.7350,E,2,08,1.3,53.1,M,27.9,M,11.8,0000*7F
$GPRMC,235430.000,A,4349.9321,N,14355.7350,E,2.59,203.09,150616,,,D*6F
$GPVTG,203.09,T,,M,2.59,N,4.8,K,D*02
$GPGGA,235431.000,4349.9314,N,14355.7346,E,2,08,1.3,53.1,M,27.9,M,12.8,0000*7C
$GPRMC,235431.000,A,4349.9314,N,14355.7346,E,2.55,205.82,150616,,,D*66
$GPVTG,205.82,T,,M,2.55,N,4.7,K,D*04
$GPGGA,235432.000,4349.9308,N,14355.7341,E,2,08,1.3,53.1,M,27.9,M,13.8,0000*74
$GPRMC,235432.000,A,4349.9308,N,14355.7341,E,2.51,208.44,150616,,,D*6C
$GPVTG,208.44,T,,M,2.51,N,4.7,K,D*07
$GPGGA,235433.000,4349.9302,N,14355.7336,E,2,08,1.3,53.0,M,27.9,M,14.8,0000*79
$GPRMC,235433.000,A,4349.9302,N,14355.7336,E,2.57,209.11,150616,,,D*60
$GPVTG,209.11,T,,M,2.57,N,4.8,K,D*0F
$GPGGA,235434.000,4349.9295,N,14355.7331,E,2,08,1.3,52.9,M,27.9,M,15.8,0000*7F
$GPGSA,A,3,14,25,29,12,22,31,26,03,,,,,2.0,1.3,1.6*3A
$GPGSV,3,1,11,14,66,204,44,31,59,309,47,29,51,111,29,25,50,050,45*7C
$GPGSV,3,2,11,17,45,088,,26,26,243,43,12,14,054,25,22,13,290,41*71
$GPGSV,3,3,11,03,10,313,40,02,05,050,20,42,39,178,23*4D
$GPRMC,235434.000,A,4349.9295,N,14355.7331,E,2.54,211.68,150616,,,D*6B
$GPVTG,211.68,T,,M,2.54,N,4.7,K,D*04
$GPGGA,235435.000,4349.9289,N,14355.7326,E,2,08,1.3,52.8,M,27.9,M,16.8,0000*77
$GPRMC,235435.000,A,4349.9289,N,14355.7326,E,2.54,214.51,150616,,,D*6E
$GPVTG,214.51,T,,M,2.54,N,4.7,K,D*0B
$GPGGA,235436.000,4349.9283,N,14355.7320,E,2,08,1.3,52.8,M,27.9,M,17.8,0000*79
$GPRMC,235436.000,A,4349.9283,N,14355.7320,E,2.56,214.21,150616,,,D*64
$GPVTG,214.21,T,,M,2.56,N,4.7,K,D*0E
$GPGGA,235437.000,4349.9278,N,14355.7314,E,1,08,1.3,52.8,M,27.9,M,18.8,0000*77
$GPRMC,235437.000,A,4349.9278,N,14355.7314,E,2.35,218.40,150616,,,A*6D
$GPVTG,218.40,T,,M,2.35,N,4.3,K,A*01
$GPGGA,235438.000,4349.9273,N,14355.7309,E,1,08,1.3,52.8,M,27.9,M,18.8,0000*7F
$GPRMC,235438.000,A,4349.9273,N,14355.7309,E,2.15,212.33,150616,,,A*69
$GPVTG,212.33,T,,M,2.15,N,4.0,K,A*0E
$GPGGA,235439.000,4349.9268,N,14355.7305,E,1,08,1.3,52.8,M,27.9,M,18.8,0000*78
$GPGSA,A,3,14,25,29,12,22,31,26,03,,,,,2.0,1.3,1.6*3A
$GPGSV,3,1,11,14,65,204,44,31,59,309,46,32,53,189,48,29,51,110,28*73
$GPGSV,3,2,11,25,50,050,44,17,45,088,,26,27,243,44,12,14,054,26*7F
$GPGSV,3,3,11,22,12,290,38,03,10,313,39,02,05,050,21*42
$GPRMC,235439.000,A,4349.9268,N,14355.7305,E,0.00,212.33,150616,,,A*68
$GPVTG,212.33,T,,M,0.00,N,0.0,K,A*0C
$GPGGA,235440.000,4349.9268,N,14355.7305,E,1,08,1.3,52.8,M,27.9,M,18.8,0000*76
$GPRMC,235440.000,A,4349.9268,N,14355.7305,E,0.00,212.33,150616,,,A*66
$GPVTG,212.33,T,,M,0.00,N,0.0,K,A*0C
$GPGGA,235441.000,4349.9268,N,14355.7305,E,1,08,1.3,52.8,M,27.9,M,18.8,0000*77
$GPRMC,235441.000,A,4349.9268,N,14355.7305,E,0.00,212.33,150616,,,A*67
$GPVTG,212.33,T,,M,0.00,N,0.0,K,A*0C
$GPGGA,235442.000,4349.9268,N,14355.7305,E,1,08,1.3,52.8,M,27.9,M,18.8,0000*74
$GPRMC,235442.000,A,4349.9268,N,14355.7305,E,0.00,212.33,150616,,,A*64
$GPVTG,212.33,T,,M,0.00,N,0.0,K,A*0C
$GPGGA,235443.000,4349.9268,N,14355.7305,E,1,08,1.3,52.8,M,27.9,M,18.8,0000*75
$GPRMC,235443.000,A,4349.9268,N,14355.7305,E,0.00,212.33,150616,,,A*65
$GPVTG,212.33,T,,M,0.00,N,0.0,K,A*0C
$GPGGA,235444.000,4349.9268,N,14355.7305,E,1,08,1.3,52.8,M,27.9,M,18.8,0000*72
$GPGSA,A,3,14,25,29,12,22,31,26,03,,,,,2.0,1.3,1.6*3A
$GPGSV,3,1,12,14,65,204,45,31,59,309,46,32,53,189,48,29,51,110,46*79
$GPGSV,3,2,12,25,50,050,45,17,45,088,,26,27,243,44,12,14,054,26*7D
$GPGSV,3,3,12,22,12,290,39,03,10,313,37,02,05,050,21,47,29,135,25*76
$GPRMC,235444.000,A,4349.9268,N,14355.7305,E,0.00,212.33,150616,,,A*62
$GPVTG,212.33,T,,M,0.00,N,0.0,K,A*0C
$GPGGA,235445.000,4349.9268,N,14355.7305,E,1,08,1.3,52.8,M,27.9,M,18.8,0000*73
$GPRMC,235445.000,A,4349.9268,N,14355.7305,E,0.00,212.33,150616,,,A*63
$GPVTG,212.33,T,,M,0.00,N,0.0,K,A*0C
$GPGGA,235446.000,4349.9268,N,14355.7305,E,1,08,1.3,52.8,M,27.9,M,18.8,0000*70
$GPRMC,235446.000,A,4349.9268,N,14355.7305,E,0.00,212.33,150616,,,A*60
$GPVTG,212.33,T,,M,0.00,N,0.0,K,A*0C
$GPGGA,235447.000,4349.9268,N,14355.7305,E,1,08,1.3,52.8,M,27.9,M,18.8,0000*71
$GPRMC,235447.000,A,4349.9268,N,14355.7305,E,0.00,212.33,150616,,,A*61
$GPVTG,212.33,T,,M,0.00,N,0.0,K,A*0C
$GPGGA,235448.000,4349.9268,N,14355.7305,E,1,08,1.3,52.8,M,27.9,M,18.8,0000*7E
$GPRMC,235448.000,A,4349.9268,N,14355.7305,E,0.00,212.33,150616,,,A*6E
$GPVTG,212.33,T,,M,0.00,N,0.0,K,A*0C
$GPGGA,235449.000,4349.9268,N,14355.7305,E,1,08,1.3,52.8,M,27.9,M,18.8,0000*7F
$GPGSA,A,3,14,25,29,12,22,31,26,03,,,,,2.0,1.3,1.6*3A
$GPGSV,3,1,11,14,65,204,45,31,59,309,46,32,53,189,42,29,51,110,39*78
$GPGSV,3,2,11,25,50,050,46,17,45,088,,26,27,243,43,12,14,054,27*7B
$GPGSV,3,3,11,22,12,290,41,03,10,313,40,02,05,050,21*42
$GPRMC,235449.000,A,4349.9268,N,14355.7305,E,0.00,212.33,150616,,,A*6F
$GPVTG,212.33,T,,M,0.00,N,0.0,K,A*0C
$GPGGA,235450.000,4349.9268,N,14355.7305,E,1,08,1.3,52.8,M,27.9,M,18.8,0000*77
$GPRMC,235450.000,A,4349.9268,N,14355.7305,E,0.00,212.33,150616,,,A*67
$GPVTG,212.33,T,,M,0.00,N,0.0,K,A*0C
$GPGGA,235451.000,4349.9268,N,14355.7305,E,1,08,1.3,52.8,M,27.9,M,18.8,0000*76
$GPRMC,235451.000,A,4349.9268,N,14355.7305,E,0.00,212.33,150616,,,A*66
$GPVTG,212.33,T,,M,0.00,N,0.0,K,A*0C
$GPGGA,235452.000,4349.9268,N,14355.7305,E,1,08,1.3,52.8,M,27.9,M,18.8,0000*75
$GPRMC,235452.000,A,4349.9268,N,14355.7305,E,0.00,212.33,150616,,,A*65
$GPVTG,212.33,T,,M,0.00,N,0.0,K,A*0C
$GPGGA,235453.000,4349.9268,N,14355.7305,E,1,08,1.3,52.8,M,27.9,M,18.8,0000*74
$GPRMC,235453.000,A,4349.9268,N,14355.7305,E,0.00,212.33,150616,,,A*64
$GPVTG,212.33,T,,M,0.00,N,0.0,K,A*0C
$GPGGA,235454.000,4349.9268,N,14355.7305,E,1,08,1.3,52.8,M,27.9,M,18.8,0000*73
$GPGSA,A,3,14,25,29,12,22,31,26,03,,,,,2.0,1.3,1.6*3A
$GPGSV,3,1,11,14,65,204,44,31,59,309,46,32,53,189,44,29,51,110,40*71
$GPGSV,3,2,11,25,50,050,41,17,45,088,,26,27,243,39,12,14,054,27*71
$GPGSV,3,3,11,22,12,290,36,03,10,313,39,02,05,050,24*49
$GPRMC,235454.000,A,4349.9268,N,14355.7305,E,0.00,212.33,150616,,,A*63
$GPVTG,212.33,T,,M,0.00,N,0.0,K,A*0C
$GPGGA,235455.000,4349.9268,N,14355.7305,E,1,08,1.3,52.8,M,27.9,M,18.8,0000*72
$GPRMC,235455.000,A,4349.9268,N,14355.7305,E,0.00,212.33,150616,,,A*62
$GPVTG,212.33,T,,M,0.00,N,0.0,K,A*0C
$GPGGA,235456.000,4349.9268,N,14355.7305,E,1,08,1.3,52.8,M,27.9,M,18.8,0000*71
$GPRMC,235456.000,A,4349.9268,N,14355.7305,E,0.00,212.33,150616,,,A*61
$GPVTG,212.33,T,,M,0.00,N,0.0,K,A*0C
$GPGGA,235457.000,4349.9268,N,14355.7305,E,1,08,1.3,52.8,M,27.9,M,18.8,0000*70
$GPRMC,235457.000,A,4349.9268,N,14355.7305,E,0.00,212.33,150616,,,A*60
$GPVTG,212.33,T,,M,0.00,N,0.0,K,A*0C
$GPGGA,235458.000,4349.9268,N,14355.7305,E,1,08,1.3,52.8,M,27.9,M,18.8,0000*7F
$GPRMC,235458.000,A,4349.9268,N,14355.7305,E,0.00,212.33,150616,,,A*6F
$GPVTG,212.33,T,,M,0.00,N,0.0,K,A*0C
$GPGGA,235459.000,4349.9268,N,14355.7305,E,1,08,1.3,52.8,M,27.9,M,18.8,0000*7E
$GPGSA,A,3,14,25,29,12,22,31,26,03,,,,,2.0,1.3,1.6*3A
$GPGSV,3,1,12,14,65,204,45,31,59,309,47,32,53,189,48,29,51,110,36*7F
$GPGSV,3,2,12,25,50,050,41,17,45,088,,26,27,243,41,12,14,054,24*7E
$GPGSV,3,3,12,22,12,290,42,03,10,313,41,02,05,050,22,47,29,135,31*7D
$GPRMC,235459.000,A,4349.9268,N,14355.7305,E,0.00,212.33,150616,,,A*6E
$GPVTG,212.33,T,,M,0.00,N,0.0,K,A*0C
$GPGGA,235500.000,4349.9268,N,14355.7305,E,1,08,1.3,52.8,M,27.9,M,18.8,0000*73
$GPRMC,235500.000,A,4349.9268,N,14355.7305,E,0.00,212.33,150616,,,A*63
$GPVTG,212.33,T,,M,0.00,N,0.0,K,A*0C
$GPGGA,235501.000,4349.9268,N,14355.7305,E,1,08,1.3,52.8,M,27.9,M,18.8,0000*72
$GPRMC,235501.000,A,4349.9268,N,14355.7305,E,0.00,212.33,150616,,,A*62
$GPVTG,212.33,T,,M,0.00,N,0.0,K,A*0C
$GPGGA,235502.000,4349.9268,N,14355.7305,E,1,08,1.3,52.8,M,27.9,M,18.8,0000*71
$GPRMC,235502.000,A,4349.9268,N,14355.7305,E,0.00,212.33,150616,,,A*61
$GPVTG,212.33,T,,M,0.00,N,0.0,K,A*0C
$GPGGA,235503.000,4349.9268,N,14355.7305,E,1,08,1.3,52.8,M,27.9,M,18.8,0000*70
$GPRMC,235503.000,A,4349.9268,N,14355.7305,E,0.00,212.33,150616,,,A*60
$GPVTG,212.33,T,,M,0.00,N,0.0,K,A*0C
$GPGGA,235504.000,4349.9268,N,14355.7305,E,1,08,1.3,52.8,M,27.9,M,18.8,0000*77
$GPGSA,A,3,14,25,29,12,22,31,26,03,,,,,2.0,1.3,1.6*3A
$GPGSV,3,1,11,14,65,204,46,31,59,309,47,32,53,189,48,29,51,110,39*70
$GPGSV,3,2,11,25,50,050,37,17,45,088,,26,27,243,42,12,14,054,27*7C
$GPGSV,3,3,11,22,12,290,39,03,10,313,41,02,05,050,21*4C
$GPRMC,235504.000,A,4349.9268,N,14355.7305,E,0.00,212.33,150616,,,A*67
$GPVTG,212.33,T,,M,0.00,N,0.0,K,A*0C
$GPGGA,235505.000,4349.9268,N,14355.7305,E,1,08,1.3,52.8,M,27.9,M,18.8,0000*76
$GPRMC,235505.000,A,4349.9268,N,14355.7305,E,0.00,212.33,150616,,,A*66
$GPVTG,212.33,T,,M,0.00,N,0.0,K,A*0C
$GPGGA,235506.000,4349.9268,N,14355.7305,E,1,08,1.3,52.8,M,27.9,M,18.8,0000*75
$GPRMC,235506.000,A,4349.9268,N,14355.7305,E,0.00,212.33,150616,,,A*65
$GPVTG,212.33,T,,M,0.00,N,0.0,K,A*0C
$GPGGA,235507.000,4349.9268,N,14355.7305,E,1,08,1.3,52.8,M,27.9,M,18.8,0000*74
$GPRMC,235507.000,A,4349.9268,N,14355.7305,E,0.00,212.33,150616,,,A*64
$GPVTG,212.33,T,,M,0.00,N,0.0,K,A*0C
$GPGGA,235508.000,4349.9268,N,14355.7305,E,1,08,1.3,52.8,M,27.9,M,18.8,0000*7B
$GPRMC,235508.000,A,4349.9268,N,14355.7305,E,0.00,212.33,150616,,,A*6B
$GPVTG,212.33,T,,M,0.00,N,0.0,K,A*0C
$GPGGA,235509.000,4349.9268,N,14355.7305,E,1,08,1.3,52.8,M,27.9,M,18.8,0000*7A
$GPGSA,A,3,14,25,29,12,22,31,26,03,,,,,2.0,1.3,1.6*3A
$GPGSV,3,1,11,14,65,204,45,31,59,309,42,32,53,189,48,29,51,110,44*7C
$GPGSV,3,2,11,25,50,050,43,17,45,088,,26,27,243,43,12,14,054,26*7F
$GPGSV,3,3,11,22,12,290,37,03,10,313,35,02,05,050,21*41
$GPRMC,235509.000,A,4349.9268,N,14355.7305,E,0.00,212.33,150616,,,A*6A
$GPVTG,212.33,T,,M,0.00,N,0.0,K,A*0C
$GPGGA,235510.000,4349.9268,N,14355.7305,E,1,08,1.3,52.8,M,27.9,M,18.8,0000*72
$GPRMC,235510.000,A,4349.9268,N,14355.7305,E,0.00,212.33,150616,,,A*62
$GPVTG,212.33,T,,M,0.00,N,0.0,K,A*0C
$GPGGA,235511.000,4349.9268,N,14355.7305,E,1,08,1.3,52.8,M,27.9,M,18.8,0000*73
$GPRMC,235511.000,A,4349.9268,N,14355.7305,E,0.00,212.33,150616,,,A*63
$GPVTG,212.33,T,,M,0.00,N,0.0,K,A*0C
$GPGGA,235512.000,4349.9268,N,14355.7305,E,1,08,1.3,52.8,M,27.9,M,18.8,0000*70
$GPRMC,235512.000,A,4349.9268,N,14355.7305,E,0.00,212.33,150616,,,A*60
$GPVTG,212.33,T,,M,0.00,N,0.0,K,A*0C
$GPGGA,235513.000,4349.9268,N,14355.7305,E,1,08,1.3,52.8,M,27.9,M,18.8,0000*71
$GPRMC,235513.000,A,4349.9268,N,14355.7305,E,0.00,212.33,150616,,,A*61
$GPVTG,212.33,T,,M,0.00,N,0.0,K,A*0C
$GPGGA,235514.000,4349.9268,N,14355.7305,E,1,08,1.3,52.8,M,27.9,M,18.8,0000*76
$GPGSA,A,3,14,25,29,12,22,31,26,03,,,,,2.0,1.3,1.6*3A
$GPGSV,3,1,11,14,65,204,45,31,59,310,35,32,53,189,49,29,51,110,44*75
$GPGSV,3,2,11,25,50,051,34,17,45,088,,26,27,244,43,12,14,054,27*78
$GPGSV,3,3,11,22,12,289,35,03,10,313,32,02,05,050,22*4F
$GPRMC,235514.000,A,4349.9268,N,14355.7305,E,0.00,212.33,150616,,,A*66
$GPVTG,212.33,T,,M,0.00,N,0.0,K,A*0C
$GPGGA,235515.000,4349.9268,N,14355.7305,E,1,08,1.3,52.8,M,27.9,M,18.8,0000*77
$GPRMC,235515.000,A,4349.9268,N,14355.7305,E,0.00,212.33,150616,,,A*67
$GPVTG,212.33,T,,M,0.00,N,0.0,K,A*0C
$GPGGA,235516.000,4349.9268,N,14355.7305,E,1,08,1.3,52.8,M,27.9,M,18.8,0000*74
$GPRMC,235516.000,A,4349.9268,N,14355.7305,E,0.00,212.33,150616,,,A*64
$GPVTG,212.33,T,,M,0.00,N,0.0,K,A*0C
$GPGGA,235517.000,4349.9268,N,14355.7305,E,1,08,1.3,52.8,M,27.9,M,18.8,0000*75
$GPRMC,235517.000,A,4349.9268,N,14355.7305,E,0.00,212.33,150616,,,A*65
$GPVTG,212.33,T,,M,0.00,N,0.0,K,A*0C
$GPGGA,235518.000,4349.9268,N,14355.7305,E,1,08,1.3,52.8,M,27.9,M,18.8,0000*7A
$GPRMC,235518.000,A,4349.9268,N,14355.7305,E,0.00,212.33,150616,,,A*6A
$GPVTG,212.33,T,,M,0.00,N,0.0,K,A*0C
$GPGGA,235519.000,4349.9268,N,14355.7305,E,1,09,1.1,52.8,M,27.9,M,18.8,0000*78
$GPGSA,A,3,14,25,29,12,22,31,26,32,03,,,,2.0,1.1,1.6*39
$GPGSV,3,1,11,14,65,204,45,31,59,310,44,32,53,189,49,29,51,110,46*71
$GPGSV,3,2,11,25,50,051,29,17,45,088,,26,27,244,45,12,14,054,27*72
$GPGSV,3,3,11,22,12,289,32,03,10,313,29,02,05,050,26*46
$GPRMC,235519.000,A,4349.9268,N,14355.7305,E,0.00,212.33,150616,,,A*6B
$GPVTG,212.33,T,,M,0.00,N,0.0,K,A*0C
$GPGGA,235520.000,4349.9268,N,14355.7305,E,1,09,1.1,52.8,M,27.9,M,18.8,0000*72
$GPRMC,235520.000,A,4349.9268,N,14355.7305,E,0.00,212.33,150616,,,A*61
$GPVTG,212.33,T,,M,0.00,N,0.0,K,A*0C
$GPGGA,235521.000,4349.9268,N,14355.7305,E,1,09,1.1,52.8,M,27.9,M,18.8,0000*73
$GPRMC,235521.000,A,4349.9268,N,14355.7305,E,0.00,212.33,150616,,,A*60
$GPVTG,212.33,T,,M,0.00,N,0.0,K,A*0C
$GPGGA,235522.000,4349.9268,N,14355.7305,E,1,09,1.1,52.8,M,27.9,M,18.8,0000*70
$GPRMC,235522.000,A,4349.9268,N,14355.7305,E,0.00,212.33,150616,,,A*63
$GPVTG,212.33,T,,M,0.00,N,0.0,K,A*0C
$GPGGA,235523.000,4349.9268,N,14355.7305,E,1,09,1.1,52.8,M,27.9,M,18.8,0000*71
$GPRMC,235523.000,A,4349.9268,N,14355.7305,E,0.00,212.33,150616,,,A*62
$GPVTG,212.33,T,,M,0.00,N,0.0,K,A*0C
$GPGGA,235524.000,4349.9268,N,14355.7305,E,1,09,1.1,52.8,M,27.9,M,18.8,0000*76
$GPGSA,A,3,14,25,29,12,22,31,26,32,03,,,,2.0,1.1,1.6*39
$GPGSV,3,1,11,14,65,204,44,31,59,310,47,32,53,189,48,29,51,110,47*73
$GPGSV,3,2,11,25,50,051,35,17,45,087,,26,27,244,45,12,14,054,27*70
$GPGSV,3,3,11,22,12,289,33,03,10,313,26,02,05,050,24*4A
$GPRMC,235524.000,A,4349.9268,N,14355.7305,E,0.00,212.33,150616,,,A*65
$GPVTG,212.33,T,,M,0.00,N,0.0,K,A*0C
$GPGGA,235525.000,4349.9268,N,14355.7305,E,1,09,1.1,52.8,M,27.9,M,18.8,0000*77
$GPRMC,235525.000,A,4349.9268,N,14355.7305,E,0.00,212.33,150616,,,A*64
$GPVTG,212.33,T,,M,0.00,N,0.0,K,A*0C
$GPGGA,235526.000,4349.9268,N,14355.7305,E,1,09,1.1,52.8,M,27.9,M,18.8,0000*74
$GPRMC,235526.000,A,4349.9268,N,14355.7305,E,0.00,212.33,150616,,,A*67
$GPVTG,212.33,T,,M,0.00,N,0.0,K,A*0C
$GPGGA,235527.000,4349.9268,N,14355.7305,E,1,09,1.1,52.8,M,27.9,M,18.8,0000*75
$GPRMC,235527.000,A,4349.9268,N,14355.7305,E,0.00,212.33,150616,,,A*66
$GPVTG,212.33,T,,M,0.00,N,0.0,K,A*0C
$GPGGA,235528.000,4349.9268,N,14355.7305,E,1,09,1.1,52.8,M,27.9,M,18.8,0000*7A
$GPRMC,235528.000,A,4349.9268,N,14355.7305,E,0.00,212.33,150616,,,A*69
$GPVTG,212.33,T,,M,0.00,N,0.0,K,A*0C
$GPGGA,235529.000,4349.9268,N,14355.7305,E,1,09,1.1,52.8,M,27.9,M,18.8,0000*7B
$GPGSA,A,3,14,25,29,12,22,31,26,32,03,,,,2.0,1.1,1.6*39
$GPGSV,3,1,11,14,65,204,44,31,59,310,47,32,53,189,48,29,51,110,44*70
$GPGSV,3,2,11,25,50,051,43,17,45,087,,26,27,244,45,12,14,054,24*72
$GPGSV,3,3,11,22,12,289,39,03,10,313,20,02,05,050,23*41
$GPRMC,235529.000,A,4349.9268,N,14355.7305,E,0.00,212.33,150616,,,A*68
$GPVTG,212.33,T,,M,0.00,N,0.0,K,A*0C
$GPGGA,235530.000,4349.9268,N,14355.7305,E,1,09,1.1,52.8,M,27.9,M,18.8,0000*73
$GPRMC,235530.000,A,4349.9268,N,14355.7305,E,0.00,212.33,150616,,,A*60
$GPVTG,212.33,T,,M,0.00,N,0.0,K,A*0C
$GPGGA,235531.000,4349.9268,N,14355.7305,E,1,09,1.1,52.8,M,27.9,M,18.8,0000*72
$GPRMC,235531.000,A,4349.9268,N,14355.7305,E,0.00,212.33,150616,,,A*61
$GPVTG,212.33,T,,M,0.00,N,0.0,K,A*0C
$GPGGA,235532.000,4349.9268,N,14355.7305,E,1,09,1.1,52.8,M,27.9,M,18.8,0000*71
$GPRMC,235532.000,A,4349.9268,N,14355.7305,E,0.00,212.33,150616,,,A*62
$GPVTG,212.33,T,,M,0.00,N,0.0,K,A*0C
$GPGGA,235533.000,4349.9268,N,14355.7305,E,1,09,1.1,52.8,M,27.9,M,18.8,0000*70
$GPRMC,235533.000,A,4349.9268,N,14355.7305,E,0.00,212.33,150616,,,A*63
$GPVTG,212.33,T,,M,0.00,N,0.0,K,A*0C
$GPGGA,235534.000,4349.9268,N,14355.7305,E,1,09,1.1,52.8,M,27.9,M,18.8,0000*77
$GPGSA,A,3,14,25,29,12,22,31,26,32,03,,,,2.0,1.1,1.6*39
$GPGSV,3,1,12,14,65,204,45,31,59,310,46,32,53,189,49,29,51,110,44*72
$GPGSV,3,2,12,25,50,051,28,17,45,087,,26,27,244,44,12,14,054,23*7A
$GPGSV,3,3,12,22,12,289,23,03,10,313,20,02,05,050,22,47,29,135,24*71
$GPRMC,235534.000,A,4349.9268,N,14355.7305,E,0.00,212.33,150616,,,A*64
$GPVTG,212.33,T,,M,0.00,N,0.0,K,A*0C
$GPGGA,235535.000,4349.9176,N,14355.7472,E,1,09,1.1,56.5,M,27.9,M,18.8,0000*74
$GPRMC,235535.000,A,4349.9176,N,14355.7472,E,1.41,103.55,150616,,,A*69
$GPVTG,103.55,T,,M,1.41,N,2.6,K,A*0F
$GPGGA,235536.000,4349.9174,N,14355.7482,E,1,09,1.1,56.5,M,27.9,M,18.8,0000*7A
$GPRMC,235536.000,A,4349.9174,N,14355.7482,E,2.84,101.26,150616,,,A*6B
$GPVTG,101.26,T,,M,2.84,N,5.3,K,A*01
$GPGGA,235537.000,4349.9173,N,14355.7493,E,1,09,1.1,56.5,M,27.9,M,18.8,0000*7C
$GPRMC,235537.000,A,4349.9173,N,14355.7493,E,2.84,90.83,150616,,,A*5B
$GPVTG,90.83,T,,M,2.84,N,5.3,K,A*37
$GPGGA,235538.000,4349.9173,N,14355.7504,E,1,09,1.1,56.6,M,27.9,M,18.8,0000*7F
$GPRMC,235538.000,A,4349.9173,N,14355.7504,E,2.83,69.55,150616,,,A*51
$GPVTG,69.55,T,,M,2.83,N,5.2,K,A*3C
$GPGGA,235539.000,4349.9176,N,14355.7513,E,1,09,1.1,56.8,M,27.9,M,18.8,0000*73
$GPGSA,A,3,14,25,29,12,22,31,26,32,03,,,,2.0,1.1,1.6*39
$GPGSV,3,1,12,14,65,204,45,31,59,310,29,32,53,189,49,29,51,110,45*7A
$GPGSV,3,2,12,25,50,051,41,17,45,087,,26,27,244,44,12,14,054,24*72
$GPGSV,3,3,12,22,12,289,23,03,10,313,20,02,05,050,22,42,39,178,37*7E
$GPRMC,235539.000,A,4349.9176,N,14355.7513,E,2.71,72.16,150616,,,A*53
$GPVTG,72.16,T,,M,2.71,N,5.0,K,A*3E
$GPGGA,235540.000,4349.9177,N,14355.7523,E,1,09,1.1,56.9,M,27.9,M,18.8,0000*7E
$GPRMC,235540.000,A,4349.9177,N,14355.7523,E,2.61,77.21,150616,,,A*5F
$GPVTG,77.21,T,,M,2.61,N,4.8,K,A*37
$GPGGA,235541.000,4349.9178,N,14355.7533,E,2,09,1.1,57.2,M,27.9,M,0.8,0000*41
$GPRMC,235541.000,A,4349.9178,N,14355.7533,E,2.64,82.46,150616,,,D*5B
$GPVTG,82.46,T,,M,2.64,N,4.9,K,D*3D
$GPGGA,235542.000,4349.9179,N,14355.7543,E,2,09,1.1,57.2,M,27.9,M,0.8,0000*44
$GPRMC,235542.000,A,4349.9179,N,14355.7543,E,2.51,85.36,150616,,,D*58
$GPVTG,85.36,T,,M,2.51,N,4.6,K,D*34
$GPGGA,235543.000,4349.9179,N,14355.7551,E,2,09,1.1,57.4,M,27.9,M,0.8,0000*40
$GPRMC,235543.000,A,4349.9179,N,14355.7551,E,0.00,85.36,150616,,,D*5C
$GPVTG,85.36,T,,M,0.00,N,0.0,K,D*30
$GPGGA,235544.000,4349.9179,N,14355.7556,E,2,09,1.1,57.7,M,27.9,M,0.8,0000*43
$GPGSA,A,3,14,25,29,12,22,31,26,32,03,,,,2.0,1.1,1.6*39
$GPGSV,3,1,12,14,65,203,45,31,59,310,44,32,53,188,48,29,51,110,41*72
$GPGSV,3,2,12,25,49,051,32,17,45,087,,26,27,244,45,12,13,054,24*78
$GPGSV,3,3,12,22,12,289,23,03,10,313,20,02,05,049,22,42,39,178,40*76
$GPRMC,235544.000,A,4349.9179,N,14355.7556,E,0.00,85.36,150616,,,D*5C
$GPVTG,85.36,T,,M,0.00,N,0.0,K,D*30
$GPGGA,235545.000,4349.9179,N,14355.7558,E,2,09,1.1,58.1,M,27.9,M,1.8,0000*44
$GPRMC,235545.000,A,4349.9179,N,14355.7558,E,0.00,85.36,150616,,,D*53
$GPVTG,85.36,T,,M,0.00,N,0.0,K,D*30
$GPGGA,235546.000,4349.9179,N,14355.7557,E,2,09,1.1,58.5,M,27.9,M,2.8,0000*4F
$GPRMC,235546.000,A,4349.9179,N,14355.7557,E,0.00,85.36,150616,,,D*5F
$GPVTG,85.36,T,,M,0.00,N,0.0,K,D*30
$GPGGA,235547.000,4349.9179,N,14355.7555,E,2,09,1.1,58.9,M,27.9,M,0.8,0000*42
$GPRMC,235547.000,A,4349.9179,N,14355.7555,E,0.00,85.36,150616,,,D*5C
$GPVTG,85.36,T,,M,0.00,N,0.0,K,D*30
$GPGGA,235548.000,4349.9179,N,14355.7553,E,2,09,1.1,59.2,M,27.9,M,0.8,0000*41
$GPRMC,235548.000,A,4349.9179,N,14355.7553,E,0.00,85.36,150616,,,D*55
$GPVTG,85.36,T,,M,0.00,N,0.0,K,D*30
$GPGGA,235549.000,4349.9180,N,14355.7552,E,2,09,1.1,59.6,M,27.9,M,0.8,0000*43
$GPGSA,A,3,14,25,29,12,22,31,26,32,03,,,,2.0,1.1,1.6*39
$GPGSV,3,1,12,14,65,203,44,31,59,310,40,32,53,188,42,29,51,110,39*72
$GPGSV,3,2,12,25,49,051,28,17,45,087,,26,27,244,44,12,13,054,28*7E
$GPGSV,3,3,12,22,12,289,19,03,10,313,19,02,05,049,27,42,39,178,37*70
$GPRMC,235549.000,A,4349.9180,N,14355.7552,E,0.00,85.36,150616,,,D*53
$GPVTG,85.36,T,,M,0.00,N,0.0,K,D*30
$GPGGA,235550.000,4349.9180,N,14355.7551,E,2,08,1.2,59.9,M,27.9,M,1.8,0000*44
$GPRMC,235550.000,A,4349.9180,N,14355.7551,E,0.00,85.36,150616,,,D*58
$GPVTG,85.36,T,,M,0.00,N,0.0,K,D*30
$GPGGA,235551.000,4349.9179,N,14355.7549,E,2,08,1.2,60.1,M,27.9,M,0.8,0000*49
$GPRMC,235551.000,A,4349.9179,N,14355.7549,E,0.00,85.36,150616,,,D*56
$GPVTG,85.36,T,,M,0.00,N,0.0,K,D*30
$GPGGA,235552.000,4349.9176,N,14355.7547,E,2,09,1.1,60.4,M,27.9,M,1.8,0000*4D
$GPRMC,235552.000,A,4349.9176,N,14355.7547,E,0.00,85.36,150616,,,D*54
$GPVTG,85.36,T,,M,0.00,N,0.0,K,D*30
$GPGGA,235553.000,4349.9171,N,14355.7546,E,2,09,1.1,60.5,M,27.9,M,0.8,0000*4A
$GPRMC,235553.000,A,4349.9171,N,14355.7546,E,1.88,182.38,150616,,,D*6A
$GPVTG,182.38,T,,M,1.88,N,3.5,K,D*0F
$GPGGA,235554.000,4349.9165,N,14355.7545,E,2,09,1.1,60.7,M,27.9,M,0.8,0000*49
$GPGSA,A,3,14,25,29,12,22,31,26,32,03,,,,2.0,1.1,1.6*39
$GPGSV,3,1,12,14,65,203,45,31,59,310,47,32,53,188,46,29,51,110,43*7D
$GPGSV,3,2,12,25,49,051,40,17,45,087,,26,27,244,42,12,13,054,27*79
$GPGSV,3,3,12,22,12,289,23,03,10,313,20,02,05,049,26,42,39,178,38*7D
$GPRMC,235554.000,A,4349.9165,N,14355.7545,E,2.18,182.14,150616,,,D*6F
$GPVTG,182.14,T,,M,2.18,N,4.0,K,D*09
$GPGGA,235555.000,4349.9159,N,14355.7544,E,2,08,1.4,60.6,M,27.9,M,0.8,0000*43
$GPRMC,235555.000,A,4349.9159,N,14355.7544,E,2.44,188.10,150616,,,D*67
$GPVTG,188.10,T,,M,2.44,N,4.5,K,D*0B
$GPGGA,235556.000,4349.9152,N,14355.7542,E,2,09,1.1,60.5,M,27.9,M,1.8,0000*4B
$GPRMC,235556.000,A,4349.9152,N,14355.7542,E,2.49,185.93,150616,,,D*62
$GPVTG,185.93,T,,M,2.49,N,4.6,K,D*03
$GPGGA,235557.000,4349.9146,N,14355.7540,E,2,09,1.1,60.6,M,27.9,M,2.8,0000*4D
$GPRMC,235557.000,A,4349.9146,N,14355.7540,E,2.26,185.73,150616,,,D*63
$GPVTG,185.73,T,,M,2.26,N,4.2,K,D*00
$GPGGA,235558.000,4349.9142,N,14355.7540,E,2,09,1.1,60.4,M,27.9,M,3.8,0000*45
$GPRMC,235558.000,A,4349.9142,N,14355.7540,E,0.00,185.73,150616,,,D*6E
$GPVTG,185.73,T,,M,0.00,N,0.0,K,D*00
$GPGGA,235559.000,4349.9139,N,14355.7540,E,2,09,1.1,60.4,M,27.9,M,0.8,0000*4B
$GPGSA,A,3,14,25,29,12,22,31,26,32,03,,,,2.0,1.1,1.6*39
$GPGSV,3,1,12,14,65,203,44,31,59,310,46,32,53,188,47,29,51,110,43*7C
$GPGSV,3,2,12,25,49,051,42,17,45,087,,26,27,244,42,12,13,054,27*7B
$GPGSV,3,3,12,22,12,289,44,03,10,313,19,02,05,049,26,42,39,178,37*79
$GPRMC,235559.000,A,4349.9139,N,14355.7540,E,0.00,185.73,150616,,,D*63
$GPVTG,185.73,T,,M,0.00,N,0.0,K,D*00
$GPGGA,235600.000,4349.9139,N,14355.7540,E,2,09,1.1,60.2,M,27.9,M,0.8,0000*42
$GPRMC,235600.000,A,4349.9139,N,14355.7540,E,0.00,185.73,150616,,,D*6C
$GPVTG,185.73,T,,M,0.00,N,0.0,K,D*00
$GPGGA,235601.000,4349.9139,N,14355.7540,E,2,09,1.1,60.2,M,27.9,M,0.8,0000*43
$GPRMC,235601.000,A,4349.9139,N,14355.7540,E,0.00,185.73,150616,,,D*6D
$GPVTG,185.73,T,,M,0.00,N,0.0,K,D*00
$GPGGA,235602.000,4349.9140,N,14355.7540,E,2,09,1.1,60.1,M,27.9,M,1.8,0000*4C
$GPRMC,235602.000,A,4349.9140,N,14355.7540,E,0.00,185.73,150616,,,D*60
$GPVTG,185.73,T,,M,0.00,N,0.0,K,D*00
$GPGGA,235603.000,4349.9139,N,14355.7541,E,2,09,1.1,60.1,M,27.9,M,2.8,0000*41
$GPRMC,235603.000,A,4349.9139,N,14355.7541,E,0.00,185.73,150616,,,D*6E
$GPVTG,185.73,T,,M,0.00,N,0.0,K,D*00
$GPGGA,235604.000,4349.9137,N,14355.7546,E,2,09,1.1,60.0,M,27.9,M,3.8,0000*4F
$GPGSA,A,3,14,25,29,12,22,31,26,32,03,,,,2.0,1.1,1.6*39
$GPGSV,3,1,12,14,65,203,45,31,59,310,46,32,53,188,47,29,51,110,45*7B
$GPGSV,3,2,12,25,49,051,42,17,45,087,,26,27,244,43,12,13,054,32*7E
$GPGSV,3,3,12,22,12,289,45,03,10,313,20,02,05,049,24,42,39,178,37*70
$GPRMC,235604.000,A,4349.9137,N,14355.7546,E,1.54,129.95,150616,,,D*6E
$GPVTG,129.95,T,,M,1.54,N,2.8,K,D*04
$GPGGA,235605.000,4349.9133,N,14355.7553,E,2,09,1.1,59.7,M,27.9,M,0.8,0000*40
$GPRMC,235605.000,A,4349.9133,N,14355.7553,E,2.34,133.25,150616,,,D*6A
$GPVTG,133.25,T,,M,2.34,N,4.3,K,D*0C
$GPGGA,235606.000,4349.9129,N,14355.7560,E,2,09,1.1,59.3,M,27.9,M,0.8,0000*4C
$GPRMC,235606.000,A,4349.9129,N,14355.7560,E,2.58,133.38,150616,,,D*64
$GPVTG,133.38,T,,M,2.58,N,4.8,K,D*01
$GPGGA,235607.000,4349.9124,N,14355.7568,E,2,09,1.1,59.0,M,27.9,M,0.8,0000*4B
$GPRMC,235607.000,A,4349.9124,N,14355.7568,E,2.69,129.70,150616,,,D*65
$GPVTG,129.70,T,,M,2.69,N,5.0,K,D*0D
$GPGGA,235608.000,4349.9120,N,14355.7576,E,2,09,1.1,58.7,M,27.9,M,1.8,0000*48
$GPRMC,235608.000,A,4349.9120,N,14355.7576,E,2.60,131.28,150616,,,D*6C
$GPVTG,131.28,T,,M,2.60,N,4.8,K,D*09
$GPGGA,235609.000,4349.9116,N,14355.7583,E,2,09,1.1,58.6,M,27.9,M,2.8,0000*44
$GPGSA,A,3,14,25,29,12,22,31,26,32,03,,,,2.0,1.1,1.6*39
$GPGSV,3,1,12,14,65,203,45,31,59,310,46,32,53,188,48,29,51,110,46*77
$GPGSV,3,2,12,25,49,051,43,17,45,087,,26,27,244,42,12,13,054,35*79
$GPGSV,3,3,12,22,12,289,46,03,10,313,24,02,05,049,34,42,39,178,36*77
$GPRMC,235609.000,A,4349.9116,N,14355.7583,E,2.36,130.43,150616,,,D*6D
$GPVTG,130.43,T,,M,2.36,N,4.4,K,D*0A
$GPGGA,235610.000,4349.9113,N,14355.7587,E,2,09,1.1,58.5,M,27.9,M,3.8,0000*4F
$GPRMC,235610.000,A,4349.9113,N,14355.7587,E,0.00,130.43,150616,,,D*63
$GPVTG,130.43,T,,M,0.00,N,0.0,K,D*0D
$GPGGA,235611.000,4349.9111,N,14355.7589,E,2,09,1.1,58.5,M,27.9,M,0.8,0000*41
$GPRMC,235611.000,A,4349.9111,N,14355.7589,E,0.00,130.43,150616,,,D*6E
$GPVTG,130.43,T,,M,0.00,N,0.0,K,D*0D
$GPGGA,235612.000,4349.9111,N,14355.7589,E,2,09,1.1,58.4,M,27.9,M,0.8,0000*43
$GPRMC,235612.000,A,4349.9111,N,14355.7589,E,0.00,130.43,150616,,,D*6D
$GPVTG,130.43,T,,M,0.00,N,0.0,K,D*0D
$GPGGA,235613.000,4349.9111,N,14355.7589,E,2,09,1.1,58.3,M,27.9,M,0.8,0000*45
$GPRMC,235613.000,A,4349.9111,N,14355.7589,E,0.00,130.43,150616,,,D*6C
$GPVTG,130.43,T,,M,0.00,N,0.0,K,D*0D
$GPGGA,235614.000,4349.9111,N,14355.7589,E,2,09,1.1,58.3,M,27.9,M,1.8,0000*43
$GPGSA,A,3,14,25,29,12,22,31,26,32,03,,,,2.0,1.1,1.6*39
$GPGSV,3,1,12,14,65,203,45,31,59,310,46,32,53,188,47,29,51,109,46*70
$GPGSV,3,2,12,25,49,051,44,17,45,087,,26,27,244,41,12,13,054,12*78
$GPGSV,3,3,12,22,12,289,46,03,10,313,24,02,05,049,34,16,00,237,*71
$GPRMC,235614.000,A,4349.9111,N,14355.7589,E,0.00,130.43,150616,,,D*6B
$GPVTG,130.43,T,,M,0.00,N,0.0,K,D*0D
$GPGGA,235615.000,4349.9111,N,14355.7589,E,2,09,1.1,58.2,M,27.9,M,2.8,0000*40
$GPRMC,235615.000,A,4349.9111,N,14355.7589,E,0.00,130.43,150616,,,D*6A
$GPVTG,130.43,T,,M,0.00,N,0.0,K,D*0D
$GPGGA,235616.000,4349.9111,N,14355.7589,E,2,08,1.2,58.1,M,27.9,M,0.8,0000*40
$GPRMC,235616.000,A,4349.9111,N,14355.7589,E,0.00,130.43,150616,,,D*69
$GPVTG,130.43,T,,M,0.00,N,0.0,K,D*0D
$GPGGA,235617.000,4349.9111,N,14355.7589,E,2,08,1.2,58.0,M,27.9,M,1.8,0000*41
$GPRMC,235617.000,A,4349.9111,N,14355.7589,E,0.00,130.43,150616,,,D*68
$GPVTG,130.43,T,,M,0.00,N,0.0,K,D*0D
$GPGGA,235618.000,4349.9111,N,14355.7589,E,2,08,1.2,58.0,M,27.9,M,0.8,0000*4F
$GPRMC,235618.000,A,4349.9111,N,14355.7589,E,0.00,130.43,150616,,,D*67
$GPVTG,130.43,T,,M,0.00,N,0.0,K,D*0D
$GPGGA,235619.000,4349.9111,N,14355.7588,E,2,09,1.1,57.9,M,27.9,M,0.8,0000*4B
$GPGSA,A,3,14,25,29,12,22,31,26,32,03,,,,2.0,1.1,1.6*39
$GPGSV,3,1,12,14,65,203,44,31,59,310,45,32,53,188,48,29,51,109,45*7E
$GPGSV,3,2,12,25,49,051,45,17,45,087,,26,27,244,38,12,13,054,26*70
$GPGSV,3,3,12,22,12,289,45,03,10,313,20,02,05,049,34,16,00,237,*76
$GPRMC,235619.000,A,4349.9111,N,14355.7588,E,0.00,130.43,150616,,,D*67
$GPVTG,130.43,T,,M,0.00,N,0.0,K,D*0D
$GPGGA,235620.000,4349.9109,N,14355.7585,E,2,08,1.2,57.8,M,27.9,M,1.8,0000*47
$GPRMC,235620.000,A,4349.9109,N,14355.7585,E,0.00,130.43,150616,,,D*69
$GPVTG,130.43,T,,M,0.00,N,0.0,K,D*0D
$GPGGA,235621.000,4349.9106,N,14355.7579,E,2,08,1.2,57.6,M,27.9,M,2.8,0000*47
$GPRMC,235621.000,A,4349.9106,N,14355.7579,E,1.89,230.41,150616,,,D*65
$GPVTG,230.41,T,,M,1.89,N,3.5,K,D*0A
$GPGGA,235622.000,4349.9101,N,14355.7572,E,2,09,1.1,57.5,M,27.9,M,3.8,0000*48
$GPRMC,235622.000,A,4349.9101,N,14355.7572,E,2.40,226.59,150616,,,D*62
$GPVTG,226.59,T,,M,2.40,N,4.4,K,D*04
$GPGGA,235623.000,4349.9097,N,14355.7564,E,2,08,1.4,57.5,M,27.9,M,4.8,0000*43
$GPRMC,235623.000,A,4349.9097,N,14355.7564,E,2.60,227.80,150616,,,D*6D
$GPVTG,227.80,T,,M,2.60,N,4.8,K,D*0F
$GPGGA,235624.000,4349.9091,N,14355.7556,E,2,09,1.1,57.3,M,27.9,M,5.8,0000*40
$GPGSA,A,3,14,25,29,12,22,31,26,32,03,,,,2.0,1.1,1.6*39
$GPGSV,3,1,12,14,65,203,44,31,59,310,46,32,53,188,45,29,51,109,45*70
$GPGSV,3,2,12,25,49,051,46,17,45,087,,26,27,244,41,12,13,054,38*72
$GPGSV,3,3,12,22,12,289,44,03,10,313,28,02,05,049,29,16,00,237,*73
$GPRMC,235624.000,A,4349.9091,N,14355.7556,E,2.67,223.84,150616,,,D*6A
$GPVTG,223.84,T,,M,2.67,N,4.9,K,D*09
$GPGGA,235625.000,4349.9086,N,14355.7549,E,2,09,1.1,57.0,M,27.9,M,0.8,0000*4F
$GPRMC,235625.000,A,4349.9086,N,14355.7549,E,2.77,220.01,150616,,,D*6C
$GPVTG,220.01,T,,M,2.77,N,5.1,K,D*0F
$GPGGA,235626.000,4349.9080,N,14355.7542,E,2,09,1.1,56.8,M,27.9,M,0.8,0000*48
$GPRMC,235626.000,A,4349.9080,N,14355.7542,E,2.80,221.84,150616,,,D*66
$GPVTG,221.84,T,,M,2.80,N,5.2,K,D*08
$GPGGA,235627.000,4349.9075,N,14355.7535,E,2,09,1.1,56.5,M,27.9,M,1.8,0000*4F
$GPRMC,235627.000,A,4349.9075,N,14355.7535,E,2.71,222.88,150616,,,D*6C
$GPVTG,222.88,T,,M,2.71,N,5.0,K,D*0B
$GPGGA,235628.000,4349.9070,N,14355.7528,E,2,09,1.1,56.5,M,27.9,M,2.8,0000*4A
$GPRMC,235628.000,A,4349.9070,N,14355.7528,E,2.66,222.58,150616,,,D*61
$GPVTG,222.58,T,,M,2.66,N,4.9,K,D*08
$GPGGA,235629.000,4349.9064,N,14355.7521,E,2,09,1.1,56.6,M,27.9,M,0.8,0000*46
$GPGSA,A,3,14,25,29,12,22,31,26,32,03,,,,2.0,1.1,1.6*39
$GPGSV,3,1,12,14,65,203,45,31,59,310,46,32,53,188,45,29,51,109,44*70
$GPGSV,3,2,12,25,49,051,46,17,45,087,,26,27,244,42,12,13,054,33*7A
$GPGSV,3,3,12,22,12,289,43,03,10,313,39,02,05,049,29,16,00,237,*74
$GPRMC,235629.000,A,4349.9064,N,14355.7521,E,2.64,220.37,150616,,,D*65
$GPVTG,220.37,T,,M,2.64,N,4.9,K,D*01
$GPGGA,235630.000,4349.9059,N,14355.7514,E,2,09,1.1,56.5,M,27.9,M,1.8,0000*44
$GPRMC,235630.000,A,4349.9059,N,14355.7514,E,2.65,221.53,150616,,,D*67
$GPVTG,221.53,T,,M,2.65,N,4.9,K,D*03
$GPGGA,235631.000,4349.9053,N,14355.7507,E,2,09,1.1,56.3,M,27.9,M,2.8,0000*48
$GPRMC,235631.000,A,4349.9053,N,14355.7507,E,2.64,222.03,150616,,,D*69
$GPVTG,222.03,T,,M,2.64,N,4.9,K,D*04
$GPGGA,235632.000,4349.9049,N,14355.7501,E,2,09,1.1,56.2,M,27.9,M,3.8,0000*46
$GPRMC,235632.000,A,4349.9049,N,14355.7501,E,2.51,226.32,150616,,,D*67
$GPVTG,226.32,T,,M,2.51,N,4.7,K,D*0A
$GPGGA,235633.000,4349.9045,N,14355.7495,E,2,09,1.1,56.1,M,27.9,M,4.8,0000*43
$GPRMC,235633.000,A,4349.9045,N,14355.7495,E,0.00,226.32,150616,,,D*60
$GPVTG,226.32,T,,M,0.00,N,0.0,K,D*0F
$GPGGA,235634.000,4349.9042,N,14355.7490,E,2,09,1.1,56.0,M,27.9,M,5.8,0000*46
$GPGSA,A,3,14,25,29,12,22,31,26,32,03,,,,2.0,1.1,1.6*39
$GPGSV,3,1,12,14,65,203,45,31,59,310,46,32,53,188,45,29,51,109,45*71
$GPGSV,3,2,12,25,49,051,46,17,45,087,,26,27,244,42,12,13,054,41*7F
$GPGSV,3,3,12,22,12,289,43,03,10,313,40,02,05,049,,16,00,237,*71
$GPRMC,235634.000,A,4349.9042,N,14355.7490,E,0.00,226.32,150616,,,D*65
$GPVTG,226.32,T,,M,0.00,N,0.0,K,D*0F
$GPGGA,235635.000,4349.9041,N,14355.7489,E,2,09,1.1,55.9,M,27.9,M,0.8,0000*43
$GPRMC,235635.000,A,4349.9041,N,14355.7489,E,0.00,226.32,150616,,,D*6F
$GPVTG,226.32,T,,M,0.00,N,0.0,K,D*0F
$GPGGA,235636.000,4349.9040,N,14355.7488,E,2,09,1.1,55.8,M,27.9,M,0.8,0000*41
$GPRMC,235636.000,A,4349.9040,N,14355.7488,E,0.00,226.32,150616,,,D*6C
$GPVTG,226.32,T,,M,0.00,N,0.0,K,D*0F
$GPGGA,235637.000,4349.9040,N,14355.7489,E,2,09,1.1,55.7,M,27.9,M,0.8,0000*4E
$GPRMC,235637.000,A,4349.9040,N,14355.7489,E,0.00,226.32,150616,,,D*6C
$GPVTG,226.32,T,,M,0.00,N,0.0,K,D*0F
$GPGGA,235638.000,4349.9040,N,14355.7490,E,2,09,1.1,55.5,M,27.9,M,1.8,0000*4A
$GPRMC,235638.000,A,4349.9040,N,14355.7490,E,0.00,226.32,150616,,,D*6B
$GPVTG,226.32,T,,M,0.00,N,0.0,K,D*0F
$GPGGA,235639.000,4349.9040,N,14355.7490,E,2,09,1.1,55.4,M,27.9,M,2.8,0000*49
$GPGSA,A,3,14,25,29,12,22,31,26,32,03,,,,2.0,1.1,1.6*39
$GPGSV,3,1,12,14,65,203,45,31,59,310,45,32,53,188,47,29,51,109,35*77
$GPGSV,3,2,12,25,49,051,47,17,45,087,,26,27,244,42,12,13,054,44*7B
$GPGSV,3,3,12,22,12,289,42,03,10,313,34,02,05,049,35,16,00,237,*75
$GPRMC,235639.000,A,4349.9040,N,14355.7490,E,0.00,226.32,150616,,,D*6A
$GPVTG,226.32,T,,M,0.00,N,0.0,K,D*0F
$GPGGA,235640.000,4349.9040,N,14355.7491,E,2,09,1.1,55.3,M,27.9,M,0.8,0000*43
$GPRMC,235640.000,A,4349.9040,N,14355.7491,E,0.00,226.32,150616,,,D*65
$GPVTG,226.32,T,,M,0.00,N,0.0,K,D*0F
$GPGGA,235641.000,4349.9040,N,14355.7491,E,2,09,1.1,55.2,M,27.9,M,0.8,0000*43
$GPRMC,235641.000,A,4349.9040,N,14355.7491,E,0.00,226.32,150616,,,D*64
$GPVTG,226.32,T,,M,0.00,N,0.0,K,D*0F
$GPGGA,235642.000,4349.9043,N,14355.7489,E,2,09,1.1,55.1,M,27.9,M,0.8,0000*49
$GPRMC,235642.000,A,4349.9043,N,14355.7489,E,0.00,226.32,150616,,,D*6D
$GPVTG,226.32,T,,M,0.00,N,0.0,K,D*0F
$GPGGA,235643.000,4349.9047,N,14355.7487,E,2,09,1.1,55.0,M,27.9,M,0.8,0000*43
$GPRMC,235643.000,A,4349.9047,N,14355.7487,E,0.00,226.32,150616,,,D*66
$GPVTG,226.32,T,,M,0.00,N,0.0,K,D*0F
$GPGGA,235644.000,4349.9051,N,14355.7482,E,2,09,1.1,54.9,M,27.9,M,1.8,0000*4F
$GPGSA,A,3,14,25,29,12,22,31,26,32,03,,,,2.0,1.1,1.6*39
$GPGSV,3,1,12,14,65,203,45,31,59,310,45,32,52,188,48,29,52,109,44*7C
$GPGSV,3,2,12,25,49,051,46,17,45,086,,26,27,244,42,12,13,054,43*7C
$GPGSV,3,3,12,22,12,289,41,03,10,312,35,02,05,049,34,16,00,237,*77
$GPRMC,235644.000,A,4349.9051,N,14355.7482,E,2.01,318.12,150616,,,D*6E
$GPVTG,318.12,T,,M,2.01,N,3.7,K,D*06
$GPGGA,235645.000,4349.9056,N,14355.7476,E,2,09,1.1,54.8,M,27.9,M,2.8,0000*40
$GPRMC,235645.000,A,4349.9056,N,14355.7476,E,2.14,316.65,150616,,,D*69
$GPVTG,316.65,T,,M,2.14,N,4.0,K,D*0C
$GPGGA,235646.000,4349.9060,N,14355.7470,E,2,09,1.1,54.7,M,27.9,M,3.8,0000*4E
$GPRMC,235646.000,A,4349.9060,N,14355.7470,E,0.00,316.65,150616,,,D*6E
$GPVTG,316.65,T,,M,0.00,N,0.0,K,D*0F
$GPGGA,235647.000,4349.9061,N,14355.7464,E,2,09,1.1,54.6,M,27.9,M,0.8,0000*49
$GPRMC,235647.000,A,4349.9061,N,14355.7464,E,0.00,316.65,150616,,,D*6B
$GPVTG,316.65,T,,M,0.00,N,0.0,K,D*0F
$GPGGA,235648.000,4349.9060,N,14355.7461,E,2,09,1.1,54.6,M,27.9,M,0.8,0000*42
$GPRMC,235648.000,A,4349.9060,N,14355.7461,E,0.00,316.65,150616,,,D*60
$GPVTG,316.65,T,,M,0.00,N,0.0,K,D*0F
$GPGGA,235649.000,4349.9060,N,14355.7460,E,2,09,1.1,54.5,M,27.9,M,1.8,0000*40
$GPGSA,A,3,14,25,29,12,22,31,26,32,03,,,,2.0,1.1,1.6*39
$GPGSV,3,1,12,14,65,203,44,31,59,310,46,32,52,188,48,29,52,109,45*7F
$GPGSV,3,2,12,25,49,051,46,17,45,086,,26,27,244,41,12,13,054,44*78
$GPGSV,3,3,12,22,12,289,41,03,10,312,40,02,05,049,42,16,00,237,*74
$GPRMC,235649.000,A,4349.9060,N,14355.7460,E,0.00,316.65,150616,,,D*60
$GPVTG,316.65,T,,M,0.00,N,0.0,K,D*0F
$GPGGA,235650.000,4349.9060,N,14355.7461,E,2,09,1.1,54.4,M,27.9,M,2.8,0000*4B
$GPRMC,235650.000,A,4349.9060,N,14355.7461,E,0.00,316.65,150616,,,D*69
$GPVTG,316.65,T,,M,0.00,N,0.0,K,D*0F
$GPGGA,235651.000,4349.9060,N,14355.7461,E,2,09,1.1,54.3,M,27.9,M,3.8,0000*4C
$GPRMC,235651.000,A,4349.9060,N,14355.7461,E,0.00,316.65,150616,,,D*68
$GPVTG,316.65,T,,M,0.00,N,0.0,K,D*0F
$GPGGA,235652.000,4349.9060,N,14355.7461,E,2,09,1.1,54.2,M,27.9,M,4.8,0000*49
$GPRMC,235652.000,A,4349.9060,N,14355.7461,E,0.00,316.65,150616,,,D*6B
$GPVTG,316.65,T,,M,0.00,N,0.0,K,D*0F
$GPGGA,235653.000,4349.9060,N,14355.7461,E,2,09,1.1,54.1,M,27.9,M,0.8,0000*4F
$GPRMC,235653.000,A,4349.9060,N,14355.7461,E,0.00,316.65,150616,,,D*6A
$GPVTG,316.65,T,,M,0.00,N,0.0,K,D*0F
$GPGGA,235654.000,4349.9060,N,14355.7461,E,2,09,1.1,54.0,M,27.9,M,0.8,0000*49
$GPGSA,A,3,14,25,29,12,22,31,26,32,03,,,,2.0,1.1,1.6*39
$GPGSV,3,1,12,14,65,203,43,31,59,310,47,32,52,188,49,29,52,109,45*78
$GPGSV,3,2,12,25,49,051,45,17,45,086,,26,27,244,37,12,13,054,44*7A
$GPGSV,3,3,12,22,12,289,42,03,10,312,39,02,05,049,42,16,00,237,*79
$GPRMC,235654.000,A,4349.9060,N,14355.7461,E,0.00,316.65,150616,,,D*6D
$GPVTG,316.65,T,,M,0.00,N,0.0,K,D*0F
$GPGGA,235655.000,4349.9060,N,14355.7461,E,2,09,1.1,53.9,M,27.9,M,0.8,0000*46
$GPRMC,235655.000,A,4349.9060,N,14355.7461,E,0.00,316.65,150616,,,D*6C
$GPVTG,316.65,T,,M,0.00,N,0.0,K,D*0F
$GPGGA,235656.000,4349.9059,N,14355.7460,E,2,09,1.1,53.8,M,27.9,M,0.8,0000*4F
$GPRMC,235656.000,A,4349.9059,N,14355.7460,E,0.00,316.65,150616,,,D*64
$GPVTG,316.65,T,,M,0.00,N,0.0,K,D*0F
$GPGGA,235657.000,4349.9057,N,14355.7456,E,2,09,1.1,53.7,M,27.9,M,1.8,0000*4B
$GPRMC,235657.000,A,4349.9057,N,14355.7456,E,0.00,316.65,150616,,,D*6E
$GPVTG,316.65,T,,M,0.00,N,0.0,K,D*0F
$GPGGA,235658.000,4349.9053,N,14355.7450,E,2,09,1.1,53.6,M,27.9,M,2.8,0000*44
$GPRMC,235658.000,A,4349.9053,N,14355.7450,E,2.01,226.56,150616,,,D*62
$GPVTG,226.56,T,,M,2.01,N,3.7,K,D*0A
$GPGGA,235659.000,4349.9049,N,14355.7444,E,2,09,1.1,53.5,M,27.9,M,0.8,0000*4A
$GPGSA,A,3,14,25,29,12,22,31,26,32,03,,,,2.0,1.1,1.6*39
$GPGSV,3,1,12,14,65,203,43,31,59,310,47,32,52,188,48,29,52,109,45*79
$GPGSV,3,2,12,25,49,051,45,17,45,086,,26,27,244,38,12,13,054,44*75
$GPGSV,3,3,12,22,12,289,42,03,10,312,39,02,05,049,41,16,00,237,*7A
$GPRMC,235659.000,A,4349.9049,N,14355.7444,E,2.35,223.07,150616,,,D*6B
$GPVTG,223.07,T,,M,2.35,N,4.4,K,D*08
$GPGGA,235700.000,4349.9044,N,14355.7438,E,2,09,1.1,53.5,M,27.9,M,0.8,0000*41
$GPRMC,235700.000,A,4349.9044,N,14355.7438,E,2.25,224.04,150616,,,D*65
$GPVTG,224.04,T,,M,2.25,N,4.2,K,D*0B
$GPGGA,235701.000,4349.9040,N,14355.7433,E,2,10,1.1,53.4,M,27.9,M,0.8,0000*46
$GPRMC,235701.000,A,4349.9040,N,14355.7433,E,0.00,224.04,150616,,,D*6E
$GPVTG,224.04,T,,M,0.00,N,0.0,K,D*08
$GPGGA,235702.000,4349.9037,N,14355.7429,E,2,10,1.1,53.4,M,27.9,M,1.8,0000*4F
$GPRMC,235702.000,A,4349.9037,N,14355.7429,E,0.00,224.04,150616,,,D*66
$GPVTG,224.04,T,,M,0.00,N,0.0,K,D*08
$GPGGA,235703.000,4349.9035,N,14355.7428,E,2,10,1.1,53.3,M,27.9,M,2.8,0000*49
$GPRMC,235703.000,A,4349.9035,N,14355.7428,E,0.00,224.04,150616,,,D*64
$GPVTG,224.04,T,,M,0.00,N,0.0,K,D*08
$GPGGA,235704.000,4349.9035,N,14355.7429,E,2,10,1.1,53.3,M,27.9,M,3.8,0000*4E
$GPGSA,A,3,14,02,25,29,12,22,31,26,32,03,,,1.8,1.1,1.4*32
$GPGSV,3,1,12,14,64,202,44,31,60,310,46,32,52,188,48,29,52,109,45*75
$GPGSV,3,2,12,25,49,051,45,17,45,086,,26,28,244,43,12,13,054,38*7D
$GPGSV,3,3,12,22,12,289,42,03,10,312,38,02,05,049,36,16,00,237,*7B
$GPRMC,235704.000,A,4349.9035,N,14355.7429,E,0.00,224.04,150616,,,D*62
$GPVTG,224.04,T,,M,0.00,N,0.0,K,D*08
$GPGGA,235705.000,4349.9035,N,14355.7429,E,2,10,1.1,53.2,M,27.9,M,0.8,0000*4D
$GPRMC,235705.000,A,4349.9035,N,14355.7429,E,0.00,224.04,150616,,,D*63
$GPVTG,224.04,T,,M,0.00,N,0.0,K,D*08
$GPGGA,235706.000,4349.9035,N,14355.7429,E,2,10,1.1,53.2,M,27.9,M,0.8,0000*4E
$GPRMC,235706.000,A,4349.9035,N,14355.7429,E,0.00,224.04,150616,,,D*60
$GPVTG,224.04,T,,M,0.00,N,0.0,K,D*08
$GPGGA,235707.000,4349.9035,N,14355.7429,E,2,10,1.1,53.1,M,27.9,M,0.8,0000*4C
$GPRMC,235707.000,A,4349.9035,N,14355.7429,E,0.00,224.04,150616,,,D*61
$GPVTG,224.04,T,,M,0.00,N,0.0,K,D*08
$GPGGA,235708.000,4349.9035,N,14355.7429,E,2,10,1.1,53.0,M,27.9,M,1.8,0000*43
$GPRMC,235708.000,A,4349.9035,N,14355.7429,E,0.00,224.04,150616,,,D*6E
$GPVTG,224.04,T,,M,0.00,N,0.0,K,D*08
$GPGGA,235709.000,4349.9035,N,14355.7430,E,2,10,1.1,52.9,M,27.9,M,2.8,0000*41
$GPGSA,A,3,14,02,25,29,12,22,31,26,32,03,,,1.8,1.1,1.4*32
$GPGSV,3,1,12,14,64,202,45,31,60,310,46,32,52,188,47,29,52,109,45*7B
$GPGSV,3,2,12,25,49,051,46,17,45,086,,26,28,244,44,12,13,054,41*77
$GPGSV,3,3,12,22,12,289,42,03,10,312,37,02,05,049,37,16,00,237,*75
$GPRMC,235709.000,A,4349.9035,N,14355.7430,E,0.00,224.04,150616,,,D*67
$GPVTG,224.04,T,,M,0.00,N,0.0,K,D*08
$GPGGA,235710.000,4349.9035,N,14355.7430,E,2,10,1.1,52.9,M,27.9,M,3.8,0000*48
$GPRMC,235710.000,A,4349.9035,N,14355.7430,E,0.00,224.04,150616,,,D*6F
$GPVTG,224.04,T,,M,0.00,N,0.0,K,D*08
$GPGGA,235711.000,4349.9035,N,14355.7430,E,2,10,1.1,52.8,M,27.9,M,0.8,0000*4B
$GPRMC,235711.000,A,4349.9035,N,14355.7430,E,0.00,224.04,150616,,,D*6E
$GPVTG,224.04,T,,M,0.00,N,0.0,K,D*08
$GPGGA,235712.000,4349.9035,N,14355.7431,E,2,10,1.1,52.7,M,27.9,M,0.8,0000*46
$GPRMC,235712.000,A,4349.9035,N,14355.7431,E,0.00,224.04,150616,,,D*6C
$GPVTG,224.04,T,,M,0.00,N,0.0,K,D*08
$GPGGA,235713.000,4349.9035,N,14355.7431,E,2,10,1.1,52.6,M,27.9,M,0.8,0000*46
$GPRMC,235713.000,A,4349.9035,N,14355.7431,E,0.00,224.04,150616,,,D*6D
$GPVTG,224.04,T,,M,0.00,N,0.0,K,D*08
$GPGGA,235714.000,4349.9032,N,14355.7430,E,2,10,1.1,52.5,M,27.9,M,0.8,0000*44
$GPGSA,A,3,14,02,25,29,12,22,31,26,32,03,,,1.8,1.1,1.4*32
$GPGSV,3,1,12,14,64,202,45,31,60,310,46,32,52,188,46,29,52,108,44*7A
$GPGSV,3,2,12,25,49,051,46,17,45,086,,26,28,244,44,12,13,054,41*77
$GPGSV,3,3,12,22,12,289,43,03,10,312,37,02,05,049,37,16,00,237,*74
$GPRMC,235714.000,A,4349.9032,N,14355.7430,E,0.00,224.04,150616,,,D*6C
$GPVTG,224.04,T,,M,0.00,N,0.0,K,D*08
$GPGGA,235715.000,4349.9027,N,14355.7430,E,2,10,1.1,52.5,M,27.9,M,0.8,0000*41
$GPRMC,235715.000,A,4349.9027,N,14355.7430,E,1.91,178.44,150616,,,D*6E
$GPVTG,178.44,T,,M,1.91,N,3.5,K,D*09
$GPGGA,235716.000,4349.9021,N,14355.7430,E,2,10,1.1,52.5,M,27.9,M,1.8,0000*45
$GPRMC,235716.000,A,4349.9021,N,14355.7430,E,2.19,181.55,150616,,,D*6E
$GPVTG,181.55,T,,M,2.19,N,4.0,K,D*0E
$GPGGA,235717.000,4349.9015,N,14355.7430,E,2,10,1.1,52.5,M,27.9,M,0.8,0000*42
$GPRMC,235717.000,A,4349.9015,N,14355.7430,E,2.24,177.99,150616,,,D*6F
$GPVTG,177.99,T,,M,2.24,N,4.2,K,D*0B
$GPGGA,235718.000,4349.9009,N,14355.7431,E,2,10,1.1,52.5,M,27.9,M,0.8,0000*41
$GPRMC,235718.000,A,4349.9009,N,14355.7431,E,2.19,169.86,150616,,,D*63
$GPVTG,169.86,T,,M,2.19,N,4.1,K,D*07
$GPGGA,235719.000,4349.9004,N,14355.7434,E,2,09,1.1,52.4,M,27.9,M,0.8,0000*41
$GPGSA,A,3,14,25,29,12,22,31,26,32,03,,,,2.0,1.1,1.6*39
$GPGSV,3,1,12,14,64,202,45,31,60,310,46,32,52,188,48,29,52,108,44*74
$GPGSV,3,2,12,25,49,051,45,17,45,086,,26,28,244,41,12,13,054,41*71
$GPGSV,3,3,12,22,12,289,43,03,10,312,41,02,05,049,,16,00,237,*71
$GPRMC,235719.000,A,4349.9004,N,14355.7434,E,0.00,169.86,150616,,,D*60
$GPVTG,169.86,T,,M,0.00,N,0.0,K,D*08
$GPGGA,235720.000,4349.9000,N,14355.7437,E,2,10,1.1,52.4,M,27.9,M,0.8,0000*44
$GPRMC,235720.000,A,4349.9000,N,14355.7437,E,0.00,169.86,150616,,,D*6D
$GPVTG,169.86,T,,M,0.00,N,0.0,K,D*08
$GPGGA,235721.000,4349.8998,N,14355.7440,E,2,10,1.1,52.3,M,27.9,M,1.8,0000*4A
$GPRMC,235721.000,A,4349.8998,N,14355.7440,E,0.00,169.86,150616,,,D*65
$GPVTG,169.86,T,,M,0.00,N,0.0,K,D*08
$GPGGA,235722.000,4349.8997,N,14355.7442,E,2,10,1.1,52.2,M,27.9,M,2.8,0000*46
$GPRMC,235722.000,A,4349.8997,N,14355.7442,E,0.00,169.86,150616,,,D*6B
$GPVTG,169.86,T,,M,0.00,N,0.0,K,D*08
$GPGGA,235723.000,4349.8997,N,14355.7442,E,2,10,1.1,52.1,M,27.9,M,0.8,0000*46
$GPRMC,235723.000,A,4349.8997,N,14355.7442,E,0.00,169.86,150616,,,D*6A
$GPVTG,169.86,T,,M,0.00,N,0.0,K,D*08
$GPGGA,235724.000,4349.8997,N,14355.7442,E,2,10,1.1,52.1,M,27.9,M,0.8,0000*41
$GPGSA,A,3,14,02,25,29,12,22,31,26,32,03,,,1.8,1.1,1.4*32
$GPGSV,3,1,12,14,64,202,43,31,60,310,45,32,52,188,48,29,52,108,44*71
$GPGSV,3,2,12,25,49,051,45,17,45,086,,26,28,244,42,12,13,054,40*73
$GPGSV,3,3,12,22,12,289,42,03,10,312,43,02,05,049,28,16,00,237,*78
$GPRMC,235724.000,A,4349.8997,N,14355.7442,E,0.00,169.86,150616,,,D*6D
$GPVTG,169.86,T,,M,0.00,N,0.0,K,D*08
$GPGGA,235725.000,4349.8997,N,14355.7443,E,2,10,1.1,52.0,M,27.9,M,0.8,0000*40
$GPRMC,235725.000,A,4349.8997,N,14355.7443,E,0.00,169.86,150616,,,D*6D
$GPVTG,169.86,T,,M,0.00,N,0.0,K,D*08
$GPGGA,235726.000,4349.8997,N,14355.7443,E,2,10,1.1,52.0,M,27.9,M,1.8,0000*42
$GPRMC,235726.000,A,4349.8997,N,14355.7443,E,0.00,169.86,150616,,,D*6E
$GPVTG,169.86,T,,M,0.00,N,0.0,K,D*08
$GPGGA,235727.000,4349.8998,N,14355.7443,E,2,10,1.1,52.0,M,27.9,M,0.8,0000*4D
$GPRMC,235727.000,A,4349.8998,N,14355.7443,E,0.00,169.86,150616,,,D*60
$GPVTG,169.86,T,,M,0.00,N,0.0,K,D*08
$GPGGA,235728.000,4349.8998,N,14355.7443,E,2,10,1.1,52.0,M,27.9,M,1.8,0000*43
$GPRMC,235728.000,A,4349.8998,N,14355.7443,E,0.00,169.86,150616,,,D*6F
$GPVTG,169.86,T,,M,0.00,N,0.0,K,D*08
$GPGGA,235729.000,4349.8998,N,14355.7443,E,2,10,1.1,52.0,M,27.9,M,0.8,0000*43
$GPGSA,A,3,14,02,25,29,12,22,31,26,32,03,,,1.8,1.1,1.4*32
$GPGSV,3,1,12,14,64,202,38,31,60,310,45,32,52,188,49,29,52,108,44*7C
$GPGSV,3,2,12,25,49,051,45,17,45,086,,26,28,244,43,12,13,054,39*7C
$GPGSV,3,3,12,22,12,289,42,03,10,312,43,02,05,049,29,16,00,237,*79
$GPRMC,235729.000,A,4349.8998,N,14355.7443,E,0.00,169.86,150616,,,D*6E
$GPVTG,169.86,T,,M,0.00,N,0.0,K,D*08
$GPGGA,235730.000,4349.8998,N,14355.7442,E,2,10,1.1,52.0,M,27.9,M,0.8,0000*4A
$GPRMC,235730.000,A,4349.8998,N,14355.7442,E,0.00,169.86,150616,,,D*67
$GPVTG,169.86,T,,M,0.00,N,0.0,K,D*08
$GPGGA,235731.000,4349.8996,N,14355.7441,E,2,10,1.1,51.9,M,27.9,M,0.8,0000*4C
$GPRMC,235731.000,A,4349.8996,N,14355.7441,E,0.00,169.86,150616,,,D*6B
$GPVTG,169.86,T,,M,0.00,N,0.0,K,D*08
$GPGGA,235732.000,4349.8991,N,14355.7437,E,2,10,1.1,51.8,M,27.9,M,1.8,0000*49
$GPRMC,235732.000,A,4349.8991,N,14355.7437,E,1.74,214.48,150616,,,D*67
$GPVTG,214.48,T,,M,1.74,N,3.2,K,D*00
$GPGGA,235733.000,4349.8987,N,14355.7432,E,2,10,1.1,51.8,M,27.9,M,2.8,0000*49
$GPRMC,235733.000,A,4349.8987,N,14355.7432,E,2.15,224.07,150616,,,D*68
$GPVTG,224.07,T,,M,2.15,N,4.0,K,D*09
$GPGGA,235734.000,4349.8983,N,14355.7426,E,2,10,1.1,51.7,M,27.9,M,3.8,0000*41
$GPGSA,A,3,14,02,25,29,12,22,31,26,32,03,,,1.8,1.1,1.4*32
$GPGSV,3,1,12,14,64,202,46,31,60,310,46,32,52,188,48,29,52,108,44*77
$GPGSV,3,2,12,25,49,051,46,17,45,086,,26,28,244,43,12,13,054,39*7F
$GPGSV,3,3,12,22,12,289,33,03,10,312,43,02,05,049,29,16,00,237,*7F
$GPRMC,235734.000,A,4349.8983,N,14355.7426,E,2.18,222.96,150616,,,D*6D
$GPVTG,222.96,T,,M,2.18,N,4.0,K,D*0A
$GPGGA,235735.000,4349.8978,N,14355.7420,E,2,10,1.1,51.7,M,27.9,M,0.8,0000*41
$GPRMC,235735.000,A,4349.8978,N,14355.7420,E,2.22,220.80,150616,,,D*62
$GPVTG,220.80,T,,M,2.22,N,4.1,K,D*07
$GPGGA,235736.000,4349.8974,N,14355.7414,E,2,10,1.1,51.7,M,27.9,M,0.8,0000*49
$GPRMC,235736.000,A,4349.8974,N,14355.7414,E,2.17,221.48,150616,,,D*69
$GPVTG,221.48,T,,M,2.17,N,4.0,K,D*05
$GPGGA,235737.000,4349.8970,N,14355.7409,E,2,10,1.1,51.7,M,27.9,M,0.8,0000*40
$GPRMC,235737.000,A,4349.8970,N,14355.7409,E,0.00,221.48,150616,,,D*64
$GPVTG,221.48,T,,M,0.00,N,0.0,K,D*05
$GPGGA,235738.000,4349.8966,N,14355.7405,E,2,10,1.1,51.8,M,27.9,M,1.8,0000*4A
$GPRMC,235738.000,A,4349.8966,N,14355.7405,E,0.00,221.48,150616,,,D*60
$GPVTG,221.48,T,,M,0.00,N,0.0,K,D*05
$GPGGA,235739.000,4349.8965,N,14355.7402,E,2,10,1.1,51.8,M,27.9,M,2.8,0000*4C
$GPGSA,A,3,14,02,25,29,12,22,31,26,32,03,,,1.8,1.1,1.4*32
$GPGSV,3,1,12,14,64,202,43,31,60,310,47,32,52,188,39,29,52,108,45*74
$GPGSV,3,2,12,25,49,051,45,17,45,086,,26,28,244,35,12,13,054,40*73
$GPGSV,3,3,12,22,12,289,29,03,10,312,35,02,05,049,31,16,00,237,*7C
$GPRMC,235739.000,A,4349.8965,N,14355.7402,E,0.00,221.48,150616,,,D*65
$GPVTG,221.48,T,,M,0.00,N,0.0,K,D*05
$GPGGA,235740.000,4349.8964,N,14355.7401,E,2,10,1.1,51.8,M,27.9,M,3.8,0000*41
$GPRMC,235740.000,A,4349.8964,N,14355.7401,E,0.00,221.48,150616,,,D*69
$GPVTG,221.48,T,,M,0.00,N,0.0,K,D*05
$GPGGA,235741.000,4349.8964,N,14355.7401,E,2,10,1.1,51.8,M,27.9,M,0.8,0000*43
$GPRMC,235741.000,A,4349.8964,N,14355.7401,E,0.00,221.48,150616,,,D*68
$GPVTG,221.48,T,,M,0.00,N,0.0,K,D*05
$GPGGA,235742.000,4349.8964,N,14355.7401,E,2,10,1.1,51.8,M,27.9,M,0.8,0000*40
$GPRMC,235742.000,A,4349.8964,N,14355.7401,E,0.00,221.48,150616,,,D*6B
$GPVTG,221.48,T,,M,0.00,N,0.0,K,D*05
$GPGGA,235743.000,4349.8964,N,14355.7401,E,2,10,1.1,51.7,M,27.9,M,0.8,0000*4E
$GPRMC,235743.000,A,4349.8964,N,14355.7401,E,0.00,221.48,150616,,,D*6A
$GPVTG,221.48,T,,M,0.00,N,0.0,K,D*05
$GPGGA,235744.000,4349.8964,N,14355.7401,E,2,10,1.1,51.7,M,27.9,M,0.8,0000*49
$GPGSA,A,3,14,02,25,29,12,22,31,26,32,03,,,1.8,1.1,1.4*32
$GPGSV,3,1,12,14,64,202,46,31,60,311,47,32,52,188,42,29,52,108,46*7F
$GPGSV,3,2,12,25,48,051,45,17,45,086,,26,28,244,34,12,13,055,40*72
$GPGSV,3,3,12,22,12,288,27,03,10,312,34,02,05,049,32,16,00,237,*71
$GPRMC,235744.000,A,4349.8964,N,14355.7401,E,0.00,221.48,150616,,,D*6D
$GPVTG,221.48,T,,M,0.00,N,0.0,K,D*05
$GPGGA,235745.000,4349.8963,N,14355.7401,E,2,10,1.1,51.6,M,27.9,M,1.8,0000*4F
$GPRMC,235745.000,A,4349.8963,N,14355.7401,E,0.00,221.48,150616,,,D*6B
$GPVTG,221.48,T,,M,0.00,N,0.0,K,D*05
$GPGGA,235746.000,4349.8963,N,14355.7402,E,2,10,1.1,51.6,M,27.9,M,0.8,0000*4E
$GPRMC,235746.000,A,4349.8963,N,14355.7402,E,0.00,221.48,150616,,,D*6B
$GPVTG,221.48,T,,M,0.00,N,0.0,K,D*05
$GPGGA,235747.000,4349.8964,N,14355.7403,E,2,10,1.1,51.6,M,27.9,M,0.8,0000*49
$GPRMC,235747.000,A,4349.8964,N,14355.7403,E,0.00,221.48,150616,,,D*6C
$GPVTG,221.48,T,,M,0.00,N,0.0,K,D*05
$GPGGA,235748.000,4349.8964,N,14355.7403,E,2,09,1.1,51.6,M,27.9,M,0.8,0000*4E
$GPRMC,235748.000,A,4349.8964,N,14355.7403,E,0.00,221.48,150616,,,D*63
$GPVTG,221.48,T,,M,0.00,N,0.0,K,D*05
$GPGGA,235749.000,4349.8964,N,14355.7403,E,2,09,1.1,51.5,M,27.9,M,0.8,0000*4C
$GPGSA,A,3,14,25,29,12,22,31,26,32,03,,,,2.0,1.1,1.6*39
$GPGSV,3,1,12,14,64,202,46,31,60,311,46,32,52,188,43,29,52,108,46*7F
$GPGSV,3,2,12,25,48,051,46,17,45,086,,26,28,244,35,12,13,055,40*70
$GPGSV,3,3,12,22,12,288,28,03,10,312,33,02,05,049,,16,00,237,*78
$GPRMC,235749.000,A,4349.8964,N,14355.7403,E,0.00,221.48,150616,,,D*62
